The system is: Linux - 3.10.0-1160.105.1.el7.x86_64 - x86_64
Compiling the C compiler identification source file "CMakeCCompilerId.c" succeeded.
Compiler: /cvmfs/nova.opensciencegrid.org/externals/ccache/v03.03.03/Linux64bit+3.10-2.17/bin/cc 
Build flags: 
Id flags:  

The output was:
0


Compilation of the C compiler identification source "CMakeCCompilerId.c" produced "a.out"

The C compiler identification is GNU, found in "/nova/app/users/bmehta/PPFX_all/bhumi_NA61/working/ppfx/CMakeFiles/3.14.3/CompilerIdC/a.out"

Compiling the CXX compiler identification source file "CMakeCXXCompilerId.cpp" succeeded.
Compiler: /cvmfs/nova.opensciencegrid.org/externals/ccache/v03.03.03/Linux64bit+3.10-2.17/bin/c++ 
Build flags: 
Id flags:  

The output was:
0


Compilation of the CXX compiler identification source "CMakeCXXCompilerId.cpp" produced "a.out"

The CXX compiler identification is GNU, found in "/nova/app/users/bmehta/PPFX_all/bhumi_NA61/working/ppfx/CMakeFiles/3.14.3/CompilerIdCXX/a.out"

Determining if the C compiler works passed with the following output:
Change Dir: /nova/app/users/bmehta/PPFX_all/bhumi_NA61/working/ppfx/CMakeFiles/CMakeTmp

Run Build Command(s):/usr/bin/gmake cmTC_1af73/fast 
/usr/bin/gmake -f CMakeFiles/cmTC_1af73.dir/build.make CMakeFiles/cmTC_1af73.dir/build
gmake[1]: Entering directory `/nova/app/users/bmehta/PPFX_all/bhumi_NA61/working/ppfx/CMakeFiles/CMakeTmp'
Building C object CMakeFiles/cmTC_1af73.dir/testCCompiler.c.o
/cvmfs/nova.opensciencegrid.org/externals/ccache/v03.03.03/Linux64bit+3.10-2.17/bin/cc    -o CMakeFiles/cmTC_1af73.dir/testCCompiler.c.o   -c /nova/app/users/bmehta/PPFX_all/bhumi_NA61/working/ppfx/CMakeFiles/CMakeTmp/testCCompiler.c
Linking C executable cmTC_1af73
/cvmfs/nova.opensciencegrid.org/externals/cmake/v3_14_3/Linux64bit+3.10-2.17/bin/cmake -E cmake_link_script CMakeFiles/cmTC_1af73.dir/link.txt --verbose=1
/cvmfs/nova.opensciencegrid.org/externals/ccache/v03.03.03/Linux64bit+3.10-2.17/bin/cc      -rdynamic CMakeFiles/cmTC_1af73.dir/testCCompiler.c.o  -o cmTC_1af73 
gmake[1]: Leaving directory `/nova/app/users/bmehta/PPFX_all/bhumi_NA61/working/ppfx/CMakeFiles/CMakeTmp'


Detecting C compiler ABI info compiled with the following output:
Change Dir: /nova/app/users/bmehta/PPFX_all/bhumi_NA61/working/ppfx/CMakeFiles/CMakeTmp

Run Build Command(s):/usr/bin/gmake cmTC_2a744/fast 
/usr/bin/gmake -f CMakeFiles/cmTC_2a744.dir/build.make CMakeFiles/cmTC_2a744.dir/build
gmake[1]: Entering directory `/nova/app/users/bmehta/PPFX_all/bhumi_NA61/working/ppfx/CMakeFiles/CMakeTmp'
Building C object CMakeFiles/cmTC_2a744.dir/CMakeCCompilerABI.c.o
/cvmfs/nova.opensciencegrid.org/externals/ccache/v03.03.03/Linux64bit+3.10-2.17/bin/cc   -v -o CMakeFiles/cmTC_2a744.dir/CMakeCCompilerABI.c.o   -c /cvmfs/nova.opensciencegrid.org/externals/cmake/v3_14_3/Linux64bit+3.10-2.17/share/cmake-3.14/Modules/CMakeCCompilerABI.c
Using built-in specs.
COLLECT_GCC=/cvmfs/nova.opensciencegrid.org/externals/gcc/v9_3_0/Linux64bit+3.10-2.17/bin/cc
Target: x86_64-pc-linux-gnu
Configured with: /scratch/workspace/art-build-base/v11_00_00/SLF7/build/gcc/v9_3_0/src/gcc-9.3.0/configure --prefix=/scratch/workspace/art-build-base/v11_00_00/SLF7/build/gcc/v9_3_0/Linux64bit+3.10-2.17 --disable-libgcj --enable-threads=posix --enable-__cxa_atexit --enable-languages=c,c++,fortran,lto --with-system-zlib --enable-libstdcxx-time=rt --enable-stage1-checking=yes --enable-checking=release --enable-plugin --enable-lto
Thread model: posix
gcc version 9.3.0 (GCC) 
COLLECT_GCC_OPTIONS='-v' '-c' '-o' 'CMakeFiles/cmTC_2a744.dir/CMakeCCompilerABI.c.o' '-mtune=generic' '-march=x86-64'
 /cvmfs/nova.opensciencegrid.org/externals/gcc/v9_3_0/Linux64bit+3.10-2.17/bin/../libexec/gcc/x86_64-pc-linux-gnu/9.3.0/cc1 -quiet -v -iprefix /cvmfs/nova.opensciencegrid.org/externals/gcc/v9_3_0/Linux64bit+3.10-2.17/bin/../lib/gcc/x86_64-pc-linux-gnu/9.3.0/ /cvmfs/nova.opensciencegrid.org/externals/cmake/v3_14_3/Linux64bit+3.10-2.17/share/cmake-3.14/Modules/CMakeCCompilerABI.c -quiet -dumpbase CMakeCCompilerABI.c -mtune=generic -march=x86-64 -auxbase-strip CMakeFiles/cmTC_2a744.dir/CMakeCCompilerABI.c.o -version -o /tmp/ccsD8f7G.s
GNU C17 (GCC) version 9.3.0 (x86_64-pc-linux-gnu)
	compiled by GNU C version 9.3.0, GMP version 6.2.0, MPFR version 4.0.2, MPC version 1.1.0, isl version isl-0.18-GMP

GGC heuristics: --param ggc-min-expand=100 --param ggc-min-heapsize=131072
ignoring nonexistent directory "/cvmfs/nova.opensciencegrid.org/externals/gcc/v9_3_0/Linux64bit+3.10-2.17/bin/../lib/gcc/x86_64-pc-linux-gnu/9.3.0/../../../../x86_64-pc-linux-gnu/include"
ignoring duplicate directory "/cvmfs/nova.opensciencegrid.org/externals/gcc/v9_3_0/Linux64bit+3.10-2.17/bin/../lib/gcc/../../lib/gcc/x86_64-pc-linux-gnu/9.3.0/include"
ignoring duplicate directory "/cvmfs/nova.opensciencegrid.org/externals/gcc/v9_3_0/Linux64bit+3.10-2.17/bin/../lib/gcc/../../lib/gcc/x86_64-pc-linux-gnu/9.3.0/include-fixed"
ignoring nonexistent directory "/cvmfs/nova.opensciencegrid.org/externals/gcc/v9_3_0/Linux64bit+3.10-2.17/bin/../lib/gcc/../../lib/gcc/x86_64-pc-linux-gnu/9.3.0/../../../../x86_64-pc-linux-gnu/include"
#include "..." search starts here:
#include <...> search starts here:
 /cvmfs/nova.opensciencegrid.org/externals/tbb/v2021_1_1/Linux64bit+3.10-2.17-e20/include
 /usr/include/gtk-3.0
 /cvmfs/nova.opensciencegrid.org/externals/gcc/v9_3_0/Linux64bit+3.10-2.17/bin/../lib/gcc/x86_64-pc-linux-gnu/9.3.0/include
 /cvmfs/nova.opensciencegrid.org/externals/gcc/v9_3_0/Linux64bit+3.10-2.17/bin/../lib/gcc/x86_64-pc-linux-gnu/9.3.0/include-fixed
 /usr/local/include
 /cvmfs/nova.opensciencegrid.org/externals/gcc/v9_3_0/Linux64bit+3.10-2.17/bin/../lib/gcc/../../include
 /usr/include
End of search list.
GNU C17 (GCC) version 9.3.0 (x86_64-pc-linux-gnu)
	compiled by GNU C version 9.3.0, GMP version 6.2.0, MPFR version 4.0.2, MPC version 1.1.0, isl version isl-0.18-GMP

GGC heuristics: --param ggc-min-expand=100 --param ggc-min-heapsize=131072
Compiler executable checksum: 5fbccb8a233c28e3ee333e5ef32b8249
COLLECT_GCC_OPTIONS='-v' '-c' '-o' 'CMakeFiles/cmTC_2a744.dir/CMakeCCompilerABI.c.o' '-mtune=generic' '-march=x86-64'
 as -v --64 -o CMakeFiles/cmTC_2a744.dir/CMakeCCompilerABI.c.o /tmp/ccsD8f7G.s
GNU assembler version 2.27 (x86_64-redhat-linux) using BFD version version 2.27-44.base.el7_9.1
COMPILER_PATH=/cvmfs/nova.opensciencegrid.org/externals/gcc/v9_3_0/Linux64bit+3.10-2.17/bin/../libexec/gcc/x86_64-pc-linux-gnu/9.3.0/:/cvmfs/nova.opensciencegrid.org/externals/gcc/v9_3_0/Linux64bit+3.10-2.17/bin/../libexec/gcc/:/cvmfs/nova.opensciencegrid.org/externals/gcc/v9_3_0/Linux64bit+3.10-2.17/bin/
LIBRARY_PATH=/cvmfs/nova.opensciencegrid.org/externals/gcc/v9_3_0/Linux64bit+3.10-2.17/bin/../lib/gcc/x86_64-pc-linux-gnu/9.3.0/:/cvmfs/nova.opensciencegrid.org/externals/gcc/v9_3_0/Linux64bit+3.10-2.17/bin/../lib/gcc/:/cvmfs/nova.opensciencegrid.org/externals/gcc/v9_3_0/Linux64bit+3.10-2.17/bin/../lib/gcc/x86_64-pc-linux-gnu/9.3.0/../../../../lib64/:/lib/../lib64/:/usr/lib/../lib64/:/cvmfs/nova.opensciencegrid.org/externals/libwda/v2_30_0a/Linux64bit+3.10-2.17/lib/:/cvmfs/nova.opensciencegrid.org/externals/gcc/v9_3_0/Linux64bit+3.10-2.17/bin/../lib/gcc/x86_64-pc-linux-gnu/9.3.0/../../../:/lib/:/usr/lib/
COLLECT_GCC_OPTIONS='-v' '-c' '-o' 'CMakeFiles/cmTC_2a744.dir/CMakeCCompilerABI.c.o' '-mtune=generic' '-march=x86-64'
Linking C executable cmTC_2a744
/cvmfs/nova.opensciencegrid.org/externals/cmake/v3_14_3/Linux64bit+3.10-2.17/bin/cmake -E cmake_link_script CMakeFiles/cmTC_2a744.dir/link.txt --verbose=1
/cvmfs/nova.opensciencegrid.org/externals/ccache/v03.03.03/Linux64bit+3.10-2.17/bin/cc     -v -rdynamic CMakeFiles/cmTC_2a744.dir/CMakeCCompilerABI.c.o  -o cmTC_2a744 
Using built-in specs.
COLLECT_GCC=/cvmfs/nova.opensciencegrid.org/externals/gcc/v9_3_0/Linux64bit+3.10-2.17/bin/cc
COLLECT_LTO_WRAPPER=/cvmfs/nova.opensciencegrid.org/externals/gcc/v9_3_0/Linux64bit+3.10-2.17/bin/../libexec/gcc/x86_64-pc-linux-gnu/9.3.0/lto-wrapper
Target: x86_64-pc-linux-gnu
Configured with: /scratch/workspace/art-build-base/v11_00_00/SLF7/build/gcc/v9_3_0/src/gcc-9.3.0/configure --prefix=/scratch/workspace/art-build-base/v11_00_00/SLF7/build/gcc/v9_3_0/Linux64bit+3.10-2.17 --disable-libgcj --enable-threads=posix --enable-__cxa_atexit --enable-languages=c,c++,fortran,lto --with-system-zlib --enable-libstdcxx-time=rt --enable-stage1-checking=yes --enable-checking=release --enable-plugin --enable-lto
Thread model: posix
gcc version 9.3.0 (GCC) 
COMPILER_PATH=/cvmfs/nova.opensciencegrid.org/externals/gcc/v9_3_0/Linux64bit+3.10-2.17/bin/../libexec/gcc/x86_64-pc-linux-gnu/9.3.0/:/cvmfs/nova.opensciencegrid.org/externals/gcc/v9_3_0/Linux64bit+3.10-2.17/bin/../libexec/gcc/:/cvmfs/nova.opensciencegrid.org/externals/gcc/v9_3_0/Linux64bit+3.10-2.17/bin/
LIBRARY_PATH=/cvmfs/nova.opensciencegrid.org/externals/gcc/v9_3_0/Linux64bit+3.10-2.17/bin/../lib/gcc/x86_64-pc-linux-gnu/9.3.0/:/cvmfs/nova.opensciencegrid.org/externals/gcc/v9_3_0/Linux64bit+3.10-2.17/bin/../lib/gcc/:/cvmfs/nova.opensciencegrid.org/externals/gcc/v9_3_0/Linux64bit+3.10-2.17/bin/../lib/gcc/x86_64-pc-linux-gnu/9.3.0/../../../../lib64/:/lib/../lib64/:/usr/lib/../lib64/:/cvmfs/nova.opensciencegrid.org/externals/libwda/v2_30_0a/Linux64bit+3.10-2.17/lib/:/cvmfs/nova.opensciencegrid.org/externals/gcc/v9_3_0/Linux64bit+3.10-2.17/bin/../lib/gcc/x86_64-pc-linux-gnu/9.3.0/../../../:/lib/:/usr/lib/
COLLECT_GCC_OPTIONS='-v' '-rdynamic' '-o' 'cmTC_2a744' '-mtune=generic' '-march=x86-64'
 /cvmfs/nova.opensciencegrid.org/externals/gcc/v9_3_0/Linux64bit+3.10-2.17/bin/../libexec/gcc/x86_64-pc-linux-gnu/9.3.0/collect2 -plugin /cvmfs/nova.opensciencegrid.org/externals/gcc/v9_3_0/Linux64bit+3.10-2.17/bin/../libexec/gcc/x86_64-pc-linux-gnu/9.3.0/liblto_plugin.so -plugin-opt=/cvmfs/nova.opensciencegrid.org/externals/gcc/v9_3_0/Linux64bit+3.10-2.17/bin/../libexec/gcc/x86_64-pc-linux-gnu/9.3.0/lto-wrapper -plugin-opt=-fresolution=/tmp/ccxVSESN.res -plugin-opt=-pass-through=-lgcc -plugin-opt=-pass-through=-lgcc_s -plugin-opt=-pass-through=-lc -plugin-opt=-pass-through=-lgcc -plugin-opt=-pass-through=-lgcc_s --eh-frame-hdr -m elf_x86_64 -export-dynamic -dynamic-linker /lib64/ld-linux-x86-64.so.2 -o cmTC_2a744 /lib/../lib64/crt1.o /lib/../lib64/crti.o /cvmfs/nova.opensciencegrid.org/externals/gcc/v9_3_0/Linux64bit+3.10-2.17/bin/../lib/gcc/x86_64-pc-linux-gnu/9.3.0/crtbegin.o -L/cvmfs/nova.opensciencegrid.org/externals/gcc/v9_3_0/Linux64bit+3.10-2.17/bin/../lib/gcc/x86_64-pc-linux-gnu/9.3.0 -L/cvmfs/nova.opensciencegrid.org/externals/gcc/v9_3_0/Linux64bit+3.10-2.17/bin/../lib/gcc -L/cvmfs/nova.opensciencegrid.org/externals/gcc/v9_3_0/Linux64bit+3.10-2.17/bin/../lib/gcc/x86_64-pc-linux-gnu/9.3.0/../../../../lib64 -L/lib/../lib64 -L/usr/lib/../lib64 -L/cvmfs/nova.opensciencegrid.org/externals/libwda/v2_30_0a/Linux64bit+3.10-2.17/lib -L/cvmfs/nova.opensciencegrid.org/externals/gcc/v9_3_0/Linux64bit+3.10-2.17/bin/../lib/gcc/x86_64-pc-linux-gnu/9.3.0/../../.. CMakeFiles/cmTC_2a744.dir/CMakeCCompilerABI.c.o -lgcc --as-needed -lgcc_s --no-as-needed -lc -lgcc --as-needed -lgcc_s --no-as-needed /cvmfs/nova.opensciencegrid.org/externals/gcc/v9_3_0/Linux64bit+3.10-2.17/bin/../lib/gcc/x86_64-pc-linux-gnu/9.3.0/crtend.o /lib/../lib64/crtn.o
COLLECT_GCC_OPTIONS='-v' '-rdynamic' '-o' 'cmTC_2a744' '-mtune=generic' '-march=x86-64'
gmake[1]: Leaving directory `/nova/app/users/bmehta/PPFX_all/bhumi_NA61/working/ppfx/CMakeFiles/CMakeTmp'


Parsed C implicit include dir info from above output: rv=done
  found start of include info
  found start of implicit include info
    add: [/cvmfs/nova.opensciencegrid.org/externals/tbb/v2021_1_1/Linux64bit+3.10-2.17-e20/include]
    add: [/usr/include/gtk-3.0]
    add: [/cvmfs/nova.opensciencegrid.org/externals/gcc/v9_3_0/Linux64bit+3.10-2.17/bin/../lib/gcc/x86_64-pc-linux-gnu/9.3.0/include]
    add: [/cvmfs/nova.opensciencegrid.org/externals/gcc/v9_3_0/Linux64bit+3.10-2.17/bin/../lib/gcc/x86_64-pc-linux-gnu/9.3.0/include-fixed]
    add: [/usr/local/include]
    add: [/cvmfs/nova.opensciencegrid.org/externals/gcc/v9_3_0/Linux64bit+3.10-2.17/bin/../lib/gcc/../../include]
    add: [/usr/include]
  end of search list found
  collapse include dir [/cvmfs/nova.opensciencegrid.org/externals/tbb/v2021_1_1/Linux64bit+3.10-2.17-e20/include] ==> [/cvmfs/nova.opensciencegrid.org/externals/tbb/v2021_1_1/Linux64bit+3.10-2.17-e20/include]
  collapse include dir [/usr/include/gtk-3.0] ==> [/usr/include/gtk-3.0]
  collapse include dir [/cvmfs/nova.opensciencegrid.org/externals/gcc/v9_3_0/Linux64bit+3.10-2.17/bin/../lib/gcc/x86_64-pc-linux-gnu/9.3.0/include] ==> [/cvmfs/nova.opensciencegrid.org/externals/gcc/v9_3_0/Linux64bit+3.10-2.17/lib/gcc/x86_64-pc-linux-gnu/9.3.0/include]
  collapse include dir [/cvmfs/nova.opensciencegrid.org/externals/gcc/v9_3_0/Linux64bit+3.10-2.17/bin/../lib/gcc/x86_64-pc-linux-gnu/9.3.0/include-fixed] ==> [/cvmfs/nova.opensciencegrid.org/externals/gcc/v9_3_0/Linux64bit+3.10-2.17/lib/gcc/x86_64-pc-linux-gnu/9.3.0/include-fixed]
  collapse include dir [/usr/local/include] ==> [/usr/local/include]
  collapse include dir [/cvmfs/nova.opensciencegrid.org/externals/gcc/v9_3_0/Linux64bit+3.10-2.17/bin/../lib/gcc/../../include] ==> [/cvmfs/nova.opensciencegrid.org/externals/gcc/v9_3_0/Linux64bit+3.10-2.17/include]
  collapse include dir [/usr/include] ==> [/usr/include]
  implicit include dirs: [/cvmfs/nova.opensciencegrid.org/externals/tbb/v2021_1_1/Linux64bit+3.10-2.17-e20/include;/usr/include/gtk-3.0;/cvmfs/nova.opensciencegrid.org/externals/gcc/v9_3_0/Linux64bit+3.10-2.17/lib/gcc/x86_64-pc-linux-gnu/9.3.0/include;/cvmfs/nova.opensciencegrid.org/externals/gcc/v9_3_0/Linux64bit+3.10-2.17/lib/gcc/x86_64-pc-linux-gnu/9.3.0/include-fixed;/usr/local/include;/cvmfs/nova.opensciencegrid.org/externals/gcc/v9_3_0/Linux64bit+3.10-2.17/include;/usr/include]


Parsed C implicit link information from above output:
  link line regex: [^( *|.*[/\])(ld|CMAKE_LINK_STARTFILE-NOTFOUND|([^/\]+-)?ld|collect2)[^/\]*( |$)]
  ignore line: [Change Dir: /nova/app/users/bmehta/PPFX_all/bhumi_NA61/working/ppfx/CMakeFiles/CMakeTmp]
  ignore line: []
  ignore line: [Run Build Command(s):/usr/bin/gmake cmTC_2a744/fast ]
  ignore line: [/usr/bin/gmake -f CMakeFiles/cmTC_2a744.dir/build.make CMakeFiles/cmTC_2a744.dir/build]
  ignore line: [gmake[1]: Entering directory `/nova/app/users/bmehta/PPFX_all/bhumi_NA61/working/ppfx/CMakeFiles/CMakeTmp']
  ignore line: [Building C object CMakeFiles/cmTC_2a744.dir/CMakeCCompilerABI.c.o]
  ignore line: [/cvmfs/nova.opensciencegrid.org/externals/ccache/v03.03.03/Linux64bit+3.10-2.17/bin/cc   -v -o CMakeFiles/cmTC_2a744.dir/CMakeCCompilerABI.c.o   -c /cvmfs/nova.opensciencegrid.org/externals/cmake/v3_14_3/Linux64bit+3.10-2.17/share/cmake-3.14/Modules/CMakeCCompilerABI.c]
  ignore line: [Using built-in specs.]
  ignore line: [COLLECT_GCC=/cvmfs/nova.opensciencegrid.org/externals/gcc/v9_3_0/Linux64bit+3.10-2.17/bin/cc]
  ignore line: [Target: x86_64-pc-linux-gnu]
  ignore line: [Configured with: /scratch/workspace/art-build-base/v11_00_00/SLF7/build/gcc/v9_3_0/src/gcc-9.3.0/configure --prefix=/scratch/workspace/art-build-base/v11_00_00/SLF7/build/gcc/v9_3_0/Linux64bit+3.10-2.17 --disable-libgcj --enable-threads=posix --enable-__cxa_atexit --enable-languages=c,c++,fortran,lto --with-system-zlib --enable-libstdcxx-time=rt --enable-stage1-checking=yes --enable-checking=release --enable-plugin --enable-lto]
  ignore line: [Thread model: posix]
  ignore line: [gcc version 9.3.0 (GCC) ]
  ignore line: [COLLECT_GCC_OPTIONS='-v' '-c' '-o' 'CMakeFiles/cmTC_2a744.dir/CMakeCCompilerABI.c.o' '-mtune=generic' '-march=x86-64']
  ignore line: [ /cvmfs/nova.opensciencegrid.org/externals/gcc/v9_3_0/Linux64bit+3.10-2.17/bin/../libexec/gcc/x86_64-pc-linux-gnu/9.3.0/cc1 -quiet -v -iprefix /cvmfs/nova.opensciencegrid.org/externals/gcc/v9_3_0/Linux64bit+3.10-2.17/bin/../lib/gcc/x86_64-pc-linux-gnu/9.3.0/ /cvmfs/nova.opensciencegrid.org/externals/cmake/v3_14_3/Linux64bit+3.10-2.17/share/cmake-3.14/Modules/CMakeCCompilerABI.c -quiet -dumpbase CMakeCCompilerABI.c -mtune=generic -march=x86-64 -auxbase-strip CMakeFiles/cmTC_2a744.dir/CMakeCCompilerABI.c.o -version -o /tmp/ccsD8f7G.s]
  ignore line: [GNU C17 (GCC) version 9.3.0 (x86_64-pc-linux-gnu)]
  ignore line: [	compiled by GNU C version 9.3.0, GMP version 6.2.0, MPFR version 4.0.2, MPC version 1.1.0, isl version isl-0.18-GMP]
  ignore line: []
  ignore line: [GGC heuristics: --param ggc-min-expand=100 --param ggc-min-heapsize=131072]
  ignore line: [ignoring nonexistent directory "/cvmfs/nova.opensciencegrid.org/externals/gcc/v9_3_0/Linux64bit+3.10-2.17/bin/../lib/gcc/x86_64-pc-linux-gnu/9.3.0/../../../../x86_64-pc-linux-gnu/include"]
  ignore line: [ignoring duplicate directory "/cvmfs/nova.opensciencegrid.org/externals/gcc/v9_3_0/Linux64bit+3.10-2.17/bin/../lib/gcc/../../lib/gcc/x86_64-pc-linux-gnu/9.3.0/include"]
  ignore line: [ignoring duplicate directory "/cvmfs/nova.opensciencegrid.org/externals/gcc/v9_3_0/Linux64bit+3.10-2.17/bin/../lib/gcc/../../lib/gcc/x86_64-pc-linux-gnu/9.3.0/include-fixed"]
  ignore line: [ignoring nonexistent directory "/cvmfs/nova.opensciencegrid.org/externals/gcc/v9_3_0/Linux64bit+3.10-2.17/bin/../lib/gcc/../../lib/gcc/x86_64-pc-linux-gnu/9.3.0/../../../../x86_64-pc-linux-gnu/include"]
  ignore line: [#include "..." search starts here:]
  ignore line: [#include <...> search starts here:]
  ignore line: [ /cvmfs/nova.opensciencegrid.org/externals/tbb/v2021_1_1/Linux64bit+3.10-2.17-e20/include]
  ignore line: [ /usr/include/gtk-3.0]
  ignore line: [ /cvmfs/nova.opensciencegrid.org/externals/gcc/v9_3_0/Linux64bit+3.10-2.17/bin/../lib/gcc/x86_64-pc-linux-gnu/9.3.0/include]
  ignore line: [ /cvmfs/nova.opensciencegrid.org/externals/gcc/v9_3_0/Linux64bit+3.10-2.17/bin/../lib/gcc/x86_64-pc-linux-gnu/9.3.0/include-fixed]
  ignore line: [ /usr/local/include]
  ignore line: [ /cvmfs/nova.opensciencegrid.org/externals/gcc/v9_3_0/Linux64bit+3.10-2.17/bin/../lib/gcc/../../include]
  ignore line: [ /usr/include]
  ignore line: [End of search list.]
  ignore line: [GNU C17 (GCC) version 9.3.0 (x86_64-pc-linux-gnu)]
  ignore line: [	compiled by GNU C version 9.3.0, GMP version 6.2.0, MPFR version 4.0.2, MPC version 1.1.0, isl version isl-0.18-GMP]
  ignore line: []
  ignore line: [GGC heuristics: --param ggc-min-expand=100 --param ggc-min-heapsize=131072]
  ignore line: [Compiler executable checksum: 5fbccb8a233c28e3ee333e5ef32b8249]
  ignore line: [COLLECT_GCC_OPTIONS='-v' '-c' '-o' 'CMakeFiles/cmTC_2a744.dir/CMakeCCompilerABI.c.o' '-mtune=generic' '-march=x86-64']
  ignore line: [ as -v --64 -o CMakeFiles/cmTC_2a744.dir/CMakeCCompilerABI.c.o /tmp/ccsD8f7G.s]
  ignore line: [GNU assembler version 2.27 (x86_64-redhat-linux) using BFD version version 2.27-44.base.el7_9.1]
  ignore line: [COMPILER_PATH=/cvmfs/nova.opensciencegrid.org/externals/gcc/v9_3_0/Linux64bit+3.10-2.17/bin/../libexec/gcc/x86_64-pc-linux-gnu/9.3.0/:/cvmfs/nova.opensciencegrid.org/externals/gcc/v9_3_0/Linux64bit+3.10-2.17/bin/../libexec/gcc/:/cvmfs/nova.opensciencegrid.org/externals/gcc/v9_3_0/Linux64bit+3.10-2.17/bin/]
  ignore line: [LIBRARY_PATH=/cvmfs/nova.opensciencegrid.org/externals/gcc/v9_3_0/Linux64bit+3.10-2.17/bin/../lib/gcc/x86_64-pc-linux-gnu/9.3.0/:/cvmfs/nova.opensciencegrid.org/externals/gcc/v9_3_0/Linux64bit+3.10-2.17/bin/../lib/gcc/:/cvmfs/nova.opensciencegrid.org/externals/gcc/v9_3_0/Linux64bit+3.10-2.17/bin/../lib/gcc/x86_64-pc-linux-gnu/9.3.0/../../../../lib64/:/lib/../lib64/:/usr/lib/../lib64/:/cvmfs/nova.opensciencegrid.org/externals/libwda/v2_30_0a/Linux64bit+3.10-2.17/lib/:/cvmfs/nova.opensciencegrid.org/externals/gcc/v9_3_0/Linux64bit+3.10-2.17/bin/../lib/gcc/x86_64-pc-linux-gnu/9.3.0/../../../:/lib/:/usr/lib/]
  ignore line: [COLLECT_GCC_OPTIONS='-v' '-c' '-o' 'CMakeFiles/cmTC_2a744.dir/CMakeCCompilerABI.c.o' '-mtune=generic' '-march=x86-64']
  ignore line: [Linking C executable cmTC_2a744]
  ignore line: [/cvmfs/nova.opensciencegrid.org/externals/cmake/v3_14_3/Linux64bit+3.10-2.17/bin/cmake -E cmake_link_script CMakeFiles/cmTC_2a744.dir/link.txt --verbose=1]
  ignore line: [/cvmfs/nova.opensciencegrid.org/externals/ccache/v03.03.03/Linux64bit+3.10-2.17/bin/cc     -v -rdynamic CMakeFiles/cmTC_2a744.dir/CMakeCCompilerABI.c.o  -o cmTC_2a744 ]
  ignore line: [Using built-in specs.]
  ignore line: [COLLECT_GCC=/cvmfs/nova.opensciencegrid.org/externals/gcc/v9_3_0/Linux64bit+3.10-2.17/bin/cc]
  ignore line: [COLLECT_LTO_WRAPPER=/cvmfs/nova.opensciencegrid.org/externals/gcc/v9_3_0/Linux64bit+3.10-2.17/bin/../libexec/gcc/x86_64-pc-linux-gnu/9.3.0/lto-wrapper]
  ignore line: [Target: x86_64-pc-linux-gnu]
  ignore line: [Configured with: /scratch/workspace/art-build-base/v11_00_00/SLF7/build/gcc/v9_3_0/src/gcc-9.3.0/configure --prefix=/scratch/workspace/art-build-base/v11_00_00/SLF7/build/gcc/v9_3_0/Linux64bit+3.10-2.17 --disable-libgcj --enable-threads=posix --enable-__cxa_atexit --enable-languages=c,c++,fortran,lto --with-system-zlib --enable-libstdcxx-time=rt --enable-stage1-checking=yes --enable-checking=release --enable-plugin --enable-lto]
  ignore line: [Thread model: posix]
  ignore line: [gcc version 9.3.0 (GCC) ]
  ignore line: [COMPILER_PATH=/cvmfs/nova.opensciencegrid.org/externals/gcc/v9_3_0/Linux64bit+3.10-2.17/bin/../libexec/gcc/x86_64-pc-linux-gnu/9.3.0/:/cvmfs/nova.opensciencegrid.org/externals/gcc/v9_3_0/Linux64bit+3.10-2.17/bin/../libexec/gcc/:/cvmfs/nova.opensciencegrid.org/externals/gcc/v9_3_0/Linux64bit+3.10-2.17/bin/]
  ignore line: [LIBRARY_PATH=/cvmfs/nova.opensciencegrid.org/externals/gcc/v9_3_0/Linux64bit+3.10-2.17/bin/../lib/gcc/x86_64-pc-linux-gnu/9.3.0/:/cvmfs/nova.opensciencegrid.org/externals/gcc/v9_3_0/Linux64bit+3.10-2.17/bin/../lib/gcc/:/cvmfs/nova.opensciencegrid.org/externals/gcc/v9_3_0/Linux64bit+3.10-2.17/bin/../lib/gcc/x86_64-pc-linux-gnu/9.3.0/../../../../lib64/:/lib/../lib64/:/usr/lib/../lib64/:/cvmfs/nova.opensciencegrid.org/externals/libwda/v2_30_0a/Linux64bit+3.10-2.17/lib/:/cvmfs/nova.opensciencegrid.org/externals/gcc/v9_3_0/Linux64bit+3.10-2.17/bin/../lib/gcc/x86_64-pc-linux-gnu/9.3.0/../../../:/lib/:/usr/lib/]
  ignore line: [COLLECT_GCC_OPTIONS='-v' '-rdynamic' '-o' 'cmTC_2a744' '-mtune=generic' '-march=x86-64']
  link line: [ /cvmfs/nova.opensciencegrid.org/externals/gcc/v9_3_0/Linux64bit+3.10-2.17/bin/../libexec/gcc/x86_64-pc-linux-gnu/9.3.0/collect2 -plugin /cvmfs/nova.opensciencegrid.org/externals/gcc/v9_3_0/Linux64bit+3.10-2.17/bin/../libexec/gcc/x86_64-pc-linux-gnu/9.3.0/liblto_plugin.so -plugin-opt=/cvmfs/nova.opensciencegrid.org/externals/gcc/v9_3_0/Linux64bit+3.10-2.17/bin/../libexec/gcc/x86_64-pc-linux-gnu/9.3.0/lto-wrapper -plugin-opt=-fresolution=/tmp/ccxVSESN.res -plugin-opt=-pass-through=-lgcc -plugin-opt=-pass-through=-lgcc_s -plugin-opt=-pass-through=-lc -plugin-opt=-pass-through=-lgcc -plugin-opt=-pass-through=-lgcc_s --eh-frame-hdr -m elf_x86_64 -export-dynamic -dynamic-linker /lib64/ld-linux-x86-64.so.2 -o cmTC_2a744 /lib/../lib64/crt1.o /lib/../lib64/crti.o /cvmfs/nova.opensciencegrid.org/externals/gcc/v9_3_0/Linux64bit+3.10-2.17/bin/../lib/gcc/x86_64-pc-linux-gnu/9.3.0/crtbegin.o -L/cvmfs/nova.opensciencegrid.org/externals/gcc/v9_3_0/Linux64bit+3.10-2.17/bin/../lib/gcc/x86_64-pc-linux-gnu/9.3.0 -L/cvmfs/nova.opensciencegrid.org/externals/gcc/v9_3_0/Linux64bit+3.10-2.17/bin/../lib/gcc -L/cvmfs/nova.opensciencegrid.org/externals/gcc/v9_3_0/Linux64bit+3.10-2.17/bin/../lib/gcc/x86_64-pc-linux-gnu/9.3.0/../../../../lib64 -L/lib/../lib64 -L/usr/lib/../lib64 -L/cvmfs/nova.opensciencegrid.org/externals/libwda/v2_30_0a/Linux64bit+3.10-2.17/lib -L/cvmfs/nova.opensciencegrid.org/externals/gcc/v9_3_0/Linux64bit+3.10-2.17/bin/../lib/gcc/x86_64-pc-linux-gnu/9.3.0/../../.. CMakeFiles/cmTC_2a744.dir/CMakeCCompilerABI.c.o -lgcc --as-needed -lgcc_s --no-as-needed -lc -lgcc --as-needed -lgcc_s --no-as-needed /cvmfs/nova.opensciencegrid.org/externals/gcc/v9_3_0/Linux64bit+3.10-2.17/bin/../lib/gcc/x86_64-pc-linux-gnu/9.3.0/crtend.o /lib/../lib64/crtn.o]
    arg [/cvmfs/nova.opensciencegrid.org/externals/gcc/v9_3_0/Linux64bit+3.10-2.17/bin/../libexec/gcc/x86_64-pc-linux-gnu/9.3.0/collect2] ==> ignore
    arg [-plugin] ==> ignore
    arg [/cvmfs/nova.opensciencegrid.org/externals/gcc/v9_3_0/Linux64bit+3.10-2.17/bin/../libexec/gcc/x86_64-pc-linux-gnu/9.3.0/liblto_plugin.so] ==> ignore
    arg [-plugin-opt=/cvmfs/nova.opensciencegrid.org/externals/gcc/v9_3_0/Linux64bit+3.10-2.17/bin/../libexec/gcc/x86_64-pc-linux-gnu/9.3.0/lto-wrapper] ==> ignore
    arg [-plugin-opt=-fresolution=/tmp/ccxVSESN.res] ==> ignore
    arg [-plugin-opt=-pass-through=-lgcc] ==> ignore
    arg [-plugin-opt=-pass-through=-lgcc_s] ==> ignore
    arg [-plugin-opt=-pass-through=-lc] ==> ignore
    arg [-plugin-opt=-pass-through=-lgcc] ==> ignore
    arg [-plugin-opt=-pass-through=-lgcc_s] ==> ignore
    arg [--eh-frame-hdr] ==> ignore
    arg [-m] ==> ignore
    arg [elf_x86_64] ==> ignore
    arg [-export-dynamic] ==> ignore
    arg [-dynamic-linker] ==> ignore
    arg [/lib64/ld-linux-x86-64.so.2] ==> ignore
    arg [-o] ==> ignore
    arg [cmTC_2a744] ==> ignore
    arg [/lib/../lib64/crt1.o] ==> ignore
    arg [/lib/../lib64/crti.o] ==> ignore
    arg [/cvmfs/nova.opensciencegrid.org/externals/gcc/v9_3_0/Linux64bit+3.10-2.17/bin/../lib/gcc/x86_64-pc-linux-gnu/9.3.0/crtbegin.o] ==> ignore
    arg [-L/cvmfs/nova.opensciencegrid.org/externals/gcc/v9_3_0/Linux64bit+3.10-2.17/bin/../lib/gcc/x86_64-pc-linux-gnu/9.3.0] ==> dir [/cvmfs/nova.opensciencegrid.org/externals/gcc/v9_3_0/Linux64bit+3.10-2.17/bin/../lib/gcc/x86_64-pc-linux-gnu/9.3.0]
    arg [-L/cvmfs/nova.opensciencegrid.org/externals/gcc/v9_3_0/Linux64bit+3.10-2.17/bin/../lib/gcc] ==> dir [/cvmfs/nova.opensciencegrid.org/externals/gcc/v9_3_0/Linux64bit+3.10-2.17/bin/../lib/gcc]
    arg [-L/cvmfs/nova.opensciencegrid.org/externals/gcc/v9_3_0/Linux64bit+3.10-2.17/bin/../lib/gcc/x86_64-pc-linux-gnu/9.3.0/../../../../lib64] ==> dir [/cvmfs/nova.opensciencegrid.org/externals/gcc/v9_3_0/Linux64bit+3.10-2.17/bin/../lib/gcc/x86_64-pc-linux-gnu/9.3.0/../../../../lib64]
    arg [-L/lib/../lib64] ==> dir [/lib/../lib64]
    arg [-L/usr/lib/../lib64] ==> dir [/usr/lib/../lib64]
    arg [-L/cvmfs/nova.opensciencegrid.org/externals/libwda/v2_30_0a/Linux64bit+3.10-2.17/lib] ==> dir [/cvmfs/nova.opensciencegrid.org/externals/libwda/v2_30_0a/Linux64bit+3.10-2.17/lib]
    arg [-L/cvmfs/nova.opensciencegrid.org/externals/gcc/v9_3_0/Linux64bit+3.10-2.17/bin/../lib/gcc/x86_64-pc-linux-gnu/9.3.0/../../..] ==> dir [/cvmfs/nova.opensciencegrid.org/externals/gcc/v9_3_0/Linux64bit+3.10-2.17/bin/../lib/gcc/x86_64-pc-linux-gnu/9.3.0/../../..]
    arg [CMakeFiles/cmTC_2a744.dir/CMakeCCompilerABI.c.o] ==> ignore
    arg [-lgcc] ==> lib [gcc]
    arg [--as-needed] ==> ignore
    arg [-lgcc_s] ==> lib [gcc_s]
    arg [--no-as-needed] ==> ignore
    arg [-lc] ==> lib [c]
    arg [-lgcc] ==> lib [gcc]
    arg [--as-needed] ==> ignore
    arg [-lgcc_s] ==> lib [gcc_s]
    arg [--no-as-needed] ==> ignore
    arg [/cvmfs/nova.opensciencegrid.org/externals/gcc/v9_3_0/Linux64bit+3.10-2.17/bin/../lib/gcc/x86_64-pc-linux-gnu/9.3.0/crtend.o] ==> ignore
    arg [/lib/../lib64/crtn.o] ==> ignore
  collapse library dir [/cvmfs/nova.opensciencegrid.org/externals/gcc/v9_3_0/Linux64bit+3.10-2.17/bin/../lib/gcc/x86_64-pc-linux-gnu/9.3.0] ==> [/cvmfs/nova.opensciencegrid.org/externals/gcc/v9_3_0/Linux64bit+3.10-2.17/lib/gcc/x86_64-pc-linux-gnu/9.3.0]
  collapse library dir [/cvmfs/nova.opensciencegrid.org/externals/gcc/v9_3_0/Linux64bit+3.10-2.17/bin/../lib/gcc] ==> [/cvmfs/nova.opensciencegrid.org/externals/gcc/v9_3_0/Linux64bit+3.10-2.17/lib/gcc]
  collapse library dir [/cvmfs/nova.opensciencegrid.org/externals/gcc/v9_3_0/Linux64bit+3.10-2.17/bin/../lib/gcc/x86_64-pc-linux-gnu/9.3.0/../../../../lib64] ==> [/cvmfs/nova.opensciencegrid.org/externals/gcc/v9_3_0/Linux64bit+3.10-2.17/lib64]
  collapse library dir [/lib/../lib64] ==> [/lib64]
  collapse library dir [/usr/lib/../lib64] ==> [/usr/lib64]
  collapse library dir [/cvmfs/nova.opensciencegrid.org/externals/libwda/v2_30_0a/Linux64bit+3.10-2.17/lib] ==> [/cvmfs/nova.opensciencegrid.org/externals/libwda/v2_30_0a/Linux64bit+3.10-2.17/lib]
  collapse library dir [/cvmfs/nova.opensciencegrid.org/externals/gcc/v9_3_0/Linux64bit+3.10-2.17/bin/../lib/gcc/x86_64-pc-linux-gnu/9.3.0/../../..] ==> [/cvmfs/nova.opensciencegrid.org/externals/gcc/v9_3_0/Linux64bit+3.10-2.17/lib]
  implicit libs: [gcc;gcc_s;c;gcc;gcc_s]
  implicit dirs: [/cvmfs/nova.opensciencegrid.org/externals/gcc/v9_3_0/Linux64bit+3.10-2.17/lib/gcc/x86_64-pc-linux-gnu/9.3.0;/cvmfs/nova.opensciencegrid.org/externals/gcc/v9_3_0/Linux64bit+3.10-2.17/lib/gcc;/cvmfs/nova.opensciencegrid.org/externals/gcc/v9_3_0/Linux64bit+3.10-2.17/lib64;/lib64;/usr/lib64;/cvmfs/nova.opensciencegrid.org/externals/libwda/v2_30_0a/Linux64bit+3.10-2.17/lib;/cvmfs/nova.opensciencegrid.org/externals/gcc/v9_3_0/Linux64bit+3.10-2.17/lib]
  implicit fwks: []




Detecting C [-std=c11] compiler features compiled with the following output:
Change Dir: /nova/app/users/bmehta/PPFX_all/bhumi_NA61/working/ppfx/CMakeFiles/CMakeTmp

Run Build Command(s):/usr/bin/gmake cmTC_b8afb/fast 
/usr/bin/gmake -f CMakeFiles/cmTC_b8afb.dir/build.make CMakeFiles/cmTC_b8afb.dir/build
gmake[1]: Entering directory `/nova/app/users/bmehta/PPFX_all/bhumi_NA61/working/ppfx/CMakeFiles/CMakeTmp'
Building C object CMakeFiles/cmTC_b8afb.dir/feature_tests.c.o
/cvmfs/nova.opensciencegrid.org/externals/ccache/v03.03.03/Linux64bit+3.10-2.17/bin/cc   -std=c11 -o CMakeFiles/cmTC_b8afb.dir/feature_tests.c.o   -c /nova/app/users/bmehta/PPFX_all/bhumi_NA61/working/ppfx/CMakeFiles/feature_tests.c
Linking C executable cmTC_b8afb
/cvmfs/nova.opensciencegrid.org/externals/cmake/v3_14_3/Linux64bit+3.10-2.17/bin/cmake -E cmake_link_script CMakeFiles/cmTC_b8afb.dir/link.txt --verbose=1
/cvmfs/nova.opensciencegrid.org/externals/ccache/v03.03.03/Linux64bit+3.10-2.17/bin/cc      -rdynamic CMakeFiles/cmTC_b8afb.dir/feature_tests.c.o  -o cmTC_b8afb 
gmake[1]: Leaving directory `/nova/app/users/bmehta/PPFX_all/bhumi_NA61/working/ppfx/CMakeFiles/CMakeTmp'


    Feature record: C_FEATURE:1c_function_prototypes
    Feature record: C_FEATURE:1c_restrict
    Feature record: C_FEATURE:1c_static_assert
    Feature record: C_FEATURE:1c_variadic_macros


Detecting C [-std=c99] compiler features compiled with the following output:
Change Dir: /nova/app/users/bmehta/PPFX_all/bhumi_NA61/working/ppfx/CMakeFiles/CMakeTmp

Run Build Command(s):/usr/bin/gmake cmTC_ca327/fast 
/usr/bin/gmake -f CMakeFiles/cmTC_ca327.dir/build.make CMakeFiles/cmTC_ca327.dir/build
gmake[1]: Entering directory `/nova/app/users/bmehta/PPFX_all/bhumi_NA61/working/ppfx/CMakeFiles/CMakeTmp'
Building C object CMakeFiles/cmTC_ca327.dir/feature_tests.c.o
/cvmfs/nova.opensciencegrid.org/externals/ccache/v03.03.03/Linux64bit+3.10-2.17/bin/cc   -std=c99 -o CMakeFiles/cmTC_ca327.dir/feature_tests.c.o   -c /nova/app/users/bmehta/PPFX_all/bhumi_NA61/working/ppfx/CMakeFiles/feature_tests.c
Linking C executable cmTC_ca327
/cvmfs/nova.opensciencegrid.org/externals/cmake/v3_14_3/Linux64bit+3.10-2.17/bin/cmake -E cmake_link_script CMakeFiles/cmTC_ca327.dir/link.txt --verbose=1
/cvmfs/nova.opensciencegrid.org/externals/ccache/v03.03.03/Linux64bit+3.10-2.17/bin/cc      -rdynamic CMakeFiles/cmTC_ca327.dir/feature_tests.c.o  -o cmTC_ca327 
gmake[1]: Leaving directory `/nova/app/users/bmehta/PPFX_all/bhumi_NA61/working/ppfx/CMakeFiles/CMakeTmp'


    Feature record: C_FEATURE:1c_function_prototypes
    Feature record: C_FEATURE:1c_restrict
    Feature record: C_FEATURE:0c_static_assert
    Feature record: C_FEATURE:1c_variadic_macros


Detecting C [-std=c90] compiler features compiled with the following output:
Change Dir: /nova/app/users/bmehta/PPFX_all/bhumi_NA61/working/ppfx/CMakeFiles/CMakeTmp

Run Build Command(s):/usr/bin/gmake cmTC_3ef87/fast 
/usr/bin/gmake -f CMakeFiles/cmTC_3ef87.dir/build.make CMakeFiles/cmTC_3ef87.dir/build
gmake[1]: Entering directory `/nova/app/users/bmehta/PPFX_all/bhumi_NA61/working/ppfx/CMakeFiles/CMakeTmp'
Building C object CMakeFiles/cmTC_3ef87.dir/feature_tests.c.o
/cvmfs/nova.opensciencegrid.org/externals/ccache/v03.03.03/Linux64bit+3.10-2.17/bin/cc   -std=c90 -o CMakeFiles/cmTC_3ef87.dir/feature_tests.c.o   -c /nova/app/users/bmehta/PPFX_all/bhumi_NA61/working/ppfx/CMakeFiles/feature_tests.c
Linking C executable cmTC_3ef87
/cvmfs/nova.opensciencegrid.org/externals/cmake/v3_14_3/Linux64bit+3.10-2.17/bin/cmake -E cmake_link_script CMakeFiles/cmTC_3ef87.dir/link.txt --verbose=1
/cvmfs/nova.opensciencegrid.org/externals/ccache/v03.03.03/Linux64bit+3.10-2.17/bin/cc      -rdynamic CMakeFiles/cmTC_3ef87.dir/feature_tests.c.o  -o cmTC_3ef87 
gmake[1]: Leaving directory `/nova/app/users/bmehta/PPFX_all/bhumi_NA61/working/ppfx/CMakeFiles/CMakeTmp'


    Feature record: C_FEATURE:1c_function_prototypes
    Feature record: C_FEATURE:0c_restrict
    Feature record: C_FEATURE:0c_static_assert
    Feature record: C_FEATURE:0c_variadic_macros
Determining if the CXX compiler works passed with the following output:
Change Dir: /nova/app/users/bmehta/PPFX_all/bhumi_NA61/working/ppfx/CMakeFiles/CMakeTmp

Run Build Command(s):/usr/bin/gmake cmTC_849bc/fast 
/usr/bin/gmake -f CMakeFiles/cmTC_849bc.dir/build.make CMakeFiles/cmTC_849bc.dir/build
gmake[1]: Entering directory `/nova/app/users/bmehta/PPFX_all/bhumi_NA61/working/ppfx/CMakeFiles/CMakeTmp'
Building CXX object CMakeFiles/cmTC_849bc.dir/testCXXCompiler.cxx.o
/cvmfs/nova.opensciencegrid.org/externals/ccache/v03.03.03/Linux64bit+3.10-2.17/bin/c++     -o CMakeFiles/cmTC_849bc.dir/testCXXCompiler.cxx.o -c /nova/app/users/bmehta/PPFX_all/bhumi_NA61/working/ppfx/CMakeFiles/CMakeTmp/testCXXCompiler.cxx
Linking CXX executable cmTC_849bc
/cvmfs/nova.opensciencegrid.org/externals/cmake/v3_14_3/Linux64bit+3.10-2.17/bin/cmake -E cmake_link_script CMakeFiles/cmTC_849bc.dir/link.txt --verbose=1
/cvmfs/nova.opensciencegrid.org/externals/ccache/v03.03.03/Linux64bit+3.10-2.17/bin/c++       -rdynamic CMakeFiles/cmTC_849bc.dir/testCXXCompiler.cxx.o  -o cmTC_849bc 
gmake[1]: Leaving directory `/nova/app/users/bmehta/PPFX_all/bhumi_NA61/working/ppfx/CMakeFiles/CMakeTmp'


Detecting CXX compiler ABI info compiled with the following output:
Change Dir: /nova/app/users/bmehta/PPFX_all/bhumi_NA61/working/ppfx/CMakeFiles/CMakeTmp

Run Build Command(s):/usr/bin/gmake cmTC_866a1/fast 
/usr/bin/gmake -f CMakeFiles/cmTC_866a1.dir/build.make CMakeFiles/cmTC_866a1.dir/build
gmake[1]: Entering directory `/nova/app/users/bmehta/PPFX_all/bhumi_NA61/working/ppfx/CMakeFiles/CMakeTmp'
Building CXX object CMakeFiles/cmTC_866a1.dir/CMakeCXXCompilerABI.cpp.o
/cvmfs/nova.opensciencegrid.org/externals/ccache/v03.03.03/Linux64bit+3.10-2.17/bin/c++    -v -o CMakeFiles/cmTC_866a1.dir/CMakeCXXCompilerABI.cpp.o -c /cvmfs/nova.opensciencegrid.org/externals/cmake/v3_14_3/Linux64bit+3.10-2.17/share/cmake-3.14/Modules/CMakeCXXCompilerABI.cpp
Using built-in specs.
COLLECT_GCC=/cvmfs/nova.opensciencegrid.org/externals/gcc/v9_3_0/Linux64bit+3.10-2.17/bin/c++
Target: x86_64-pc-linux-gnu
Configured with: /scratch/workspace/art-build-base/v11_00_00/SLF7/build/gcc/v9_3_0/src/gcc-9.3.0/configure --prefix=/scratch/workspace/art-build-base/v11_00_00/SLF7/build/gcc/v9_3_0/Linux64bit+3.10-2.17 --disable-libgcj --enable-threads=posix --enable-__cxa_atexit --enable-languages=c,c++,fortran,lto --with-system-zlib --enable-libstdcxx-time=rt --enable-stage1-checking=yes --enable-checking=release --enable-plugin --enable-lto
Thread model: posix
gcc version 9.3.0 (GCC) 
COLLECT_GCC_OPTIONS='-v' '-c' '-o' 'CMakeFiles/cmTC_866a1.dir/CMakeCXXCompilerABI.cpp.o' '-shared-libgcc' '-mtune=generic' '-march=x86-64'
 /cvmfs/nova.opensciencegrid.org/externals/gcc/v9_3_0/Linux64bit+3.10-2.17/bin/../libexec/gcc/x86_64-pc-linux-gnu/9.3.0/cc1plus -quiet -v -iprefix /cvmfs/nova.opensciencegrid.org/externals/gcc/v9_3_0/Linux64bit+3.10-2.17/bin/../lib/gcc/x86_64-pc-linux-gnu/9.3.0/ -D_GNU_SOURCE /cvmfs/nova.opensciencegrid.org/externals/cmake/v3_14_3/Linux64bit+3.10-2.17/share/cmake-3.14/Modules/CMakeCXXCompilerABI.cpp -quiet -dumpbase CMakeCXXCompilerABI.cpp -mtune=generic -march=x86-64 -auxbase-strip CMakeFiles/cmTC_866a1.dir/CMakeCXXCompilerABI.cpp.o -version -o /tmp/ccZQnKh5.s
GNU C++14 (GCC) version 9.3.0 (x86_64-pc-linux-gnu)
	compiled by GNU C version 9.3.0, GMP version 6.2.0, MPFR version 4.0.2, MPC version 1.1.0, isl version isl-0.18-GMP

GGC heuristics: --param ggc-min-expand=100 --param ggc-min-heapsize=131072
ignoring nonexistent directory "/cvmfs/nova.opensciencegrid.org/externals/gcc/v9_3_0/Linux64bit+3.10-2.17/bin/../lib/gcc/x86_64-pc-linux-gnu/9.3.0/../../../../x86_64-pc-linux-gnu/include"
ignoring duplicate directory "/cvmfs/nova.opensciencegrid.org/externals/gcc/v9_3_0/Linux64bit+3.10-2.17/bin/../lib/gcc/../../lib/gcc/x86_64-pc-linux-gnu/9.3.0/../../../../include/c++/9.3.0"
ignoring duplicate directory "/cvmfs/nova.opensciencegrid.org/externals/gcc/v9_3_0/Linux64bit+3.10-2.17/bin/../lib/gcc/../../lib/gcc/x86_64-pc-linux-gnu/9.3.0/../../../../include/c++/9.3.0/x86_64-pc-linux-gnu"
ignoring duplicate directory "/cvmfs/nova.opensciencegrid.org/externals/gcc/v9_3_0/Linux64bit+3.10-2.17/bin/../lib/gcc/../../lib/gcc/x86_64-pc-linux-gnu/9.3.0/../../../../include/c++/9.3.0/backward"
ignoring duplicate directory "/cvmfs/nova.opensciencegrid.org/externals/gcc/v9_3_0/Linux64bit+3.10-2.17/bin/../lib/gcc/../../lib/gcc/x86_64-pc-linux-gnu/9.3.0/include"
ignoring duplicate directory "/cvmfs/nova.opensciencegrid.org/externals/gcc/v9_3_0/Linux64bit+3.10-2.17/bin/../lib/gcc/../../lib/gcc/x86_64-pc-linux-gnu/9.3.0/include-fixed"
ignoring nonexistent directory "/cvmfs/nova.opensciencegrid.org/externals/gcc/v9_3_0/Linux64bit+3.10-2.17/bin/../lib/gcc/../../lib/gcc/x86_64-pc-linux-gnu/9.3.0/../../../../x86_64-pc-linux-gnu/include"
#include "..." search starts here:
#include <...> search starts here:
 /cvmfs/nova.opensciencegrid.org/externals/tbb/v2021_1_1/Linux64bit+3.10-2.17-e20/include
 /usr/include/gtk-3.0
 /cvmfs/nova.opensciencegrid.org/externals/gcc/v9_3_0/Linux64bit+3.10-2.17/bin/../lib/gcc/x86_64-pc-linux-gnu/9.3.0/../../../../include/c++/9.3.0
 /cvmfs/nova.opensciencegrid.org/externals/gcc/v9_3_0/Linux64bit+3.10-2.17/bin/../lib/gcc/x86_64-pc-linux-gnu/9.3.0/../../../../include/c++/9.3.0/x86_64-pc-linux-gnu
 /cvmfs/nova.opensciencegrid.org/externals/gcc/v9_3_0/Linux64bit+3.10-2.17/bin/../lib/gcc/x86_64-pc-linux-gnu/9.3.0/../../../../include/c++/9.3.0/backward
 /cvmfs/nova.opensciencegrid.org/externals/gcc/v9_3_0/Linux64bit+3.10-2.17/bin/../lib/gcc/x86_64-pc-linux-gnu/9.3.0/include
 /cvmfs/nova.opensciencegrid.org/externals/gcc/v9_3_0/Linux64bit+3.10-2.17/bin/../lib/gcc/x86_64-pc-linux-gnu/9.3.0/include-fixed
 /usr/local/include
 /cvmfs/nova.opensciencegrid.org/externals/gcc/v9_3_0/Linux64bit+3.10-2.17/bin/../lib/gcc/../../include
 /usr/include
End of search list.
GNU C++14 (GCC) version 9.3.0 (x86_64-pc-linux-gnu)
	compiled by GNU C version 9.3.0, GMP version 6.2.0, MPFR version 4.0.2, MPC version 1.1.0, isl version isl-0.18-GMP

GGC heuristics: --param ggc-min-expand=100 --param ggc-min-heapsize=131072
Compiler executable checksum: dc3b2bd628154baa68a7c9e3106d599e
COLLECT_GCC_OPTIONS='-v' '-c' '-o' 'CMakeFiles/cmTC_866a1.dir/CMakeCXXCompilerABI.cpp.o' '-shared-libgcc' '-mtune=generic' '-march=x86-64'
 as -v --64 -o CMakeFiles/cmTC_866a1.dir/CMakeCXXCompilerABI.cpp.o /tmp/ccZQnKh5.s
GNU assembler version 2.27 (x86_64-redhat-linux) using BFD version version 2.27-44.base.el7_9.1
COMPILER_PATH=/cvmfs/nova.opensciencegrid.org/externals/gcc/v9_3_0/Linux64bit+3.10-2.17/bin/../libexec/gcc/x86_64-pc-linux-gnu/9.3.0/:/cvmfs/nova.opensciencegrid.org/externals/gcc/v9_3_0/Linux64bit+3.10-2.17/bin/../libexec/gcc/:/cvmfs/nova.opensciencegrid.org/externals/gcc/v9_3_0/Linux64bit+3.10-2.17/bin/
LIBRARY_PATH=/cvmfs/nova.opensciencegrid.org/externals/gcc/v9_3_0/Linux64bit+3.10-2.17/bin/../lib/gcc/x86_64-pc-linux-gnu/9.3.0/:/cvmfs/nova.opensciencegrid.org/externals/gcc/v9_3_0/Linux64bit+3.10-2.17/bin/../lib/gcc/:/cvmfs/nova.opensciencegrid.org/externals/gcc/v9_3_0/Linux64bit+3.10-2.17/bin/../lib/gcc/x86_64-pc-linux-gnu/9.3.0/../../../../lib64/:/lib/../lib64/:/usr/lib/../lib64/:/cvmfs/nova.opensciencegrid.org/externals/libwda/v2_30_0a/Linux64bit+3.10-2.17/lib/:/cvmfs/nova.opensciencegrid.org/externals/gcc/v9_3_0/Linux64bit+3.10-2.17/bin/../lib/gcc/x86_64-pc-linux-gnu/9.3.0/../../../:/lib/:/usr/lib/
COLLECT_GCC_OPTIONS='-v' '-c' '-o' 'CMakeFiles/cmTC_866a1.dir/CMakeCXXCompilerABI.cpp.o' '-shared-libgcc' '-mtune=generic' '-march=x86-64'
Linking CXX executable cmTC_866a1
/cvmfs/nova.opensciencegrid.org/externals/cmake/v3_14_3/Linux64bit+3.10-2.17/bin/cmake -E cmake_link_script CMakeFiles/cmTC_866a1.dir/link.txt --verbose=1
/cvmfs/nova.opensciencegrid.org/externals/ccache/v03.03.03/Linux64bit+3.10-2.17/bin/c++      -v -rdynamic CMakeFiles/cmTC_866a1.dir/CMakeCXXCompilerABI.cpp.o  -o cmTC_866a1 
Using built-in specs.
COLLECT_GCC=/cvmfs/nova.opensciencegrid.org/externals/gcc/v9_3_0/Linux64bit+3.10-2.17/bin/c++
COLLECT_LTO_WRAPPER=/cvmfs/nova.opensciencegrid.org/externals/gcc/v9_3_0/Linux64bit+3.10-2.17/bin/../libexec/gcc/x86_64-pc-linux-gnu/9.3.0/lto-wrapper
Target: x86_64-pc-linux-gnu
Configured with: /scratch/workspace/art-build-base/v11_00_00/SLF7/build/gcc/v9_3_0/src/gcc-9.3.0/configure --prefix=/scratch/workspace/art-build-base/v11_00_00/SLF7/build/gcc/v9_3_0/Linux64bit+3.10-2.17 --disable-libgcj --enable-threads=posix --enable-__cxa_atexit --enable-languages=c,c++,fortran,lto --with-system-zlib --enable-libstdcxx-time=rt --enable-stage1-checking=yes --enable-checking=release --enable-plugin --enable-lto
Thread model: posix
gcc version 9.3.0 (GCC) 
COMPILER_PATH=/cvmfs/nova.opensciencegrid.org/externals/gcc/v9_3_0/Linux64bit+3.10-2.17/bin/../libexec/gcc/x86_64-pc-linux-gnu/9.3.0/:/cvmfs/nova.opensciencegrid.org/externals/gcc/v9_3_0/Linux64bit+3.10-2.17/bin/../libexec/gcc/:/cvmfs/nova.opensciencegrid.org/externals/gcc/v9_3_0/Linux64bit+3.10-2.17/bin/
LIBRARY_PATH=/cvmfs/nova.opensciencegrid.org/externals/gcc/v9_3_0/Linux64bit+3.10-2.17/bin/../lib/gcc/x86_64-pc-linux-gnu/9.3.0/:/cvmfs/nova.opensciencegrid.org/externals/gcc/v9_3_0/Linux64bit+3.10-2.17/bin/../lib/gcc/:/cvmfs/nova.opensciencegrid.org/externals/gcc/v9_3_0/Linux64bit+3.10-2.17/bin/../lib/gcc/x86_64-pc-linux-gnu/9.3.0/../../../../lib64/:/lib/../lib64/:/usr/lib/../lib64/:/cvmfs/nova.opensciencegrid.org/externals/libwda/v2_30_0a/Linux64bit+3.10-2.17/lib/:/cvmfs/nova.opensciencegrid.org/externals/gcc/v9_3_0/Linux64bit+3.10-2.17/bin/../lib/gcc/x86_64-pc-linux-gnu/9.3.0/../../../:/lib/:/usr/lib/
COLLECT_GCC_OPTIONS='-v' '-rdynamic' '-o' 'cmTC_866a1' '-shared-libgcc' '-mtune=generic' '-march=x86-64'
 /cvmfs/nova.opensciencegrid.org/externals/gcc/v9_3_0/Linux64bit+3.10-2.17/bin/../libexec/gcc/x86_64-pc-linux-gnu/9.3.0/collect2 -plugin /cvmfs/nova.opensciencegrid.org/externals/gcc/v9_3_0/Linux64bit+3.10-2.17/bin/../libexec/gcc/x86_64-pc-linux-gnu/9.3.0/liblto_plugin.so -plugin-opt=/cvmfs/nova.opensciencegrid.org/externals/gcc/v9_3_0/Linux64bit+3.10-2.17/bin/../libexec/gcc/x86_64-pc-linux-gnu/9.3.0/lto-wrapper -plugin-opt=-fresolution=/tmp/cc2Xgey8.res -plugin-opt=-pass-through=-lgcc_s -plugin-opt=-pass-through=-lgcc -plugin-opt=-pass-through=-lc -plugin-opt=-pass-through=-lgcc_s -plugin-opt=-pass-through=-lgcc --eh-frame-hdr -m elf_x86_64 -export-dynamic -dynamic-linker /lib64/ld-linux-x86-64.so.2 -o cmTC_866a1 /lib/../lib64/crt1.o /lib/../lib64/crti.o /cvmfs/nova.opensciencegrid.org/externals/gcc/v9_3_0/Linux64bit+3.10-2.17/bin/../lib/gcc/x86_64-pc-linux-gnu/9.3.0/crtbegin.o -L/cvmfs/nova.opensciencegrid.org/externals/gcc/v9_3_0/Linux64bit+3.10-2.17/bin/../lib/gcc/x86_64-pc-linux-gnu/9.3.0 -L/cvmfs/nova.opensciencegrid.org/externals/gcc/v9_3_0/Linux64bit+3.10-2.17/bin/../lib/gcc -L/cvmfs/nova.opensciencegrid.org/externals/gcc/v9_3_0/Linux64bit+3.10-2.17/bin/../lib/gcc/x86_64-pc-linux-gnu/9.3.0/../../../../lib64 -L/lib/../lib64 -L/usr/lib/../lib64 -L/cvmfs/nova.opensciencegrid.org/externals/libwda/v2_30_0a/Linux64bit+3.10-2.17/lib -L/cvmfs/nova.opensciencegrid.org/externals/gcc/v9_3_0/Linux64bit+3.10-2.17/bin/../lib/gcc/x86_64-pc-linux-gnu/9.3.0/../../.. CMakeFiles/cmTC_866a1.dir/CMakeCXXCompilerABI.cpp.o -lstdc++ -lm -lgcc_s -lgcc -lc -lgcc_s -lgcc /cvmfs/nova.opensciencegrid.org/externals/gcc/v9_3_0/Linux64bit+3.10-2.17/bin/../lib/gcc/x86_64-pc-linux-gnu/9.3.0/crtend.o /lib/../lib64/crtn.o
COLLECT_GCC_OPTIONS='-v' '-rdynamic' '-o' 'cmTC_866a1' '-shared-libgcc' '-mtune=generic' '-march=x86-64'
gmake[1]: Leaving directory `/nova/app/users/bmehta/PPFX_all/bhumi_NA61/working/ppfx/CMakeFiles/CMakeTmp'


Parsed CXX implicit include dir info from above output: rv=done
  found start of include info
  found start of implicit include info
    add: [/cvmfs/nova.opensciencegrid.org/externals/tbb/v2021_1_1/Linux64bit+3.10-2.17-e20/include]
    add: [/usr/include/gtk-3.0]
    add: [/cvmfs/nova.opensciencegrid.org/externals/gcc/v9_3_0/Linux64bit+3.10-2.17/bin/../lib/gcc/x86_64-pc-linux-gnu/9.3.0/../../../../include/c++/9.3.0]
    add: [/cvmfs/nova.opensciencegrid.org/externals/gcc/v9_3_0/Linux64bit+3.10-2.17/bin/../lib/gcc/x86_64-pc-linux-gnu/9.3.0/../../../../include/c++/9.3.0/x86_64-pc-linux-gnu]
    add: [/cvmfs/nova.opensciencegrid.org/externals/gcc/v9_3_0/Linux64bit+3.10-2.17/bin/../lib/gcc/x86_64-pc-linux-gnu/9.3.0/../../../../include/c++/9.3.0/backward]
    add: [/cvmfs/nova.opensciencegrid.org/externals/gcc/v9_3_0/Linux64bit+3.10-2.17/bin/../lib/gcc/x86_64-pc-linux-gnu/9.3.0/include]
    add: [/cvmfs/nova.opensciencegrid.org/externals/gcc/v9_3_0/Linux64bit+3.10-2.17/bin/../lib/gcc/x86_64-pc-linux-gnu/9.3.0/include-fixed]
    add: [/usr/local/include]
    add: [/cvmfs/nova.opensciencegrid.org/externals/gcc/v9_3_0/Linux64bit+3.10-2.17/bin/../lib/gcc/../../include]
    add: [/usr/include]
  end of search list found
  collapse include dir [/cvmfs/nova.opensciencegrid.org/externals/tbb/v2021_1_1/Linux64bit+3.10-2.17-e20/include] ==> [/cvmfs/nova.opensciencegrid.org/externals/tbb/v2021_1_1/Linux64bit+3.10-2.17-e20/include]
  collapse include dir [/usr/include/gtk-3.0] ==> [/usr/include/gtk-3.0]
  collapse include dir [/cvmfs/nova.opensciencegrid.org/externals/gcc/v9_3_0/Linux64bit+3.10-2.17/bin/../lib/gcc/x86_64-pc-linux-gnu/9.3.0/../../../../include/c++/9.3.0] ==> [/cvmfs/nova.opensciencegrid.org/externals/gcc/v9_3_0/Linux64bit+3.10-2.17/include/c++/9.3.0]
  collapse include dir [/cvmfs/nova.opensciencegrid.org/externals/gcc/v9_3_0/Linux64bit+3.10-2.17/bin/../lib/gcc/x86_64-pc-linux-gnu/9.3.0/../../../../include/c++/9.3.0/x86_64-pc-linux-gnu] ==> [/cvmfs/nova.opensciencegrid.org/externals/gcc/v9_3_0/Linux64bit+3.10-2.17/include/c++/9.3.0/x86_64-pc-linux-gnu]
  collapse include dir [/cvmfs/nova.opensciencegrid.org/externals/gcc/v9_3_0/Linux64bit+3.10-2.17/bin/../lib/gcc/x86_64-pc-linux-gnu/9.3.0/../../../../include/c++/9.3.0/backward] ==> [/cvmfs/nova.opensciencegrid.org/externals/gcc/v9_3_0/Linux64bit+3.10-2.17/include/c++/9.3.0/backward]
  collapse include dir [/cvmfs/nova.opensciencegrid.org/externals/gcc/v9_3_0/Linux64bit+3.10-2.17/bin/../lib/gcc/x86_64-pc-linux-gnu/9.3.0/include] ==> [/cvmfs/nova.opensciencegrid.org/externals/gcc/v9_3_0/Linux64bit+3.10-2.17/lib/gcc/x86_64-pc-linux-gnu/9.3.0/include]
  collapse include dir [/cvmfs/nova.opensciencegrid.org/externals/gcc/v9_3_0/Linux64bit+3.10-2.17/bin/../lib/gcc/x86_64-pc-linux-gnu/9.3.0/include-fixed] ==> [/cvmfs/nova.opensciencegrid.org/externals/gcc/v9_3_0/Linux64bit+3.10-2.17/lib/gcc/x86_64-pc-linux-gnu/9.3.0/include-fixed]
  collapse include dir [/usr/local/include] ==> [/usr/local/include]
  collapse include dir [/cvmfs/nova.opensciencegrid.org/externals/gcc/v9_3_0/Linux64bit+3.10-2.17/bin/../lib/gcc/../../include] ==> [/cvmfs/nova.opensciencegrid.org/externals/gcc/v9_3_0/Linux64bit+3.10-2.17/include]
  collapse include dir [/usr/include] ==> [/usr/include]
  implicit include dirs: [/cvmfs/nova.opensciencegrid.org/externals/tbb/v2021_1_1/Linux64bit+3.10-2.17-e20/include;/usr/include/gtk-3.0;/cvmfs/nova.opensciencegrid.org/externals/gcc/v9_3_0/Linux64bit+3.10-2.17/include/c++/9.3.0;/cvmfs/nova.opensciencegrid.org/externals/gcc/v9_3_0/Linux64bit+3.10-2.17/include/c++/9.3.0/x86_64-pc-linux-gnu;/cvmfs/nova.opensciencegrid.org/externals/gcc/v9_3_0/Linux64bit+3.10-2.17/include/c++/9.3.0/backward;/cvmfs/nova.opensciencegrid.org/externals/gcc/v9_3_0/Linux64bit+3.10-2.17/lib/gcc/x86_64-pc-linux-gnu/9.3.0/include;/cvmfs/nova.opensciencegrid.org/externals/gcc/v9_3_0/Linux64bit+3.10-2.17/lib/gcc/x86_64-pc-linux-gnu/9.3.0/include-fixed;/usr/local/include;/cvmfs/nova.opensciencegrid.org/externals/gcc/v9_3_0/Linux64bit+3.10-2.17/include;/usr/include]


Parsed CXX implicit link information from above output:
  link line regex: [^( *|.*[/\])(ld|CMAKE_LINK_STARTFILE-NOTFOUND|([^/\]+-)?ld|collect2)[^/\]*( |$)]
  ignore line: [Change Dir: /nova/app/users/bmehta/PPFX_all/bhumi_NA61/working/ppfx/CMakeFiles/CMakeTmp]
  ignore line: []
  ignore line: [Run Build Command(s):/usr/bin/gmake cmTC_866a1/fast ]
  ignore line: [/usr/bin/gmake -f CMakeFiles/cmTC_866a1.dir/build.make CMakeFiles/cmTC_866a1.dir/build]
  ignore line: [gmake[1]: Entering directory `/nova/app/users/bmehta/PPFX_all/bhumi_NA61/working/ppfx/CMakeFiles/CMakeTmp']
  ignore line: [Building CXX object CMakeFiles/cmTC_866a1.dir/CMakeCXXCompilerABI.cpp.o]
  ignore line: [/cvmfs/nova.opensciencegrid.org/externals/ccache/v03.03.03/Linux64bit+3.10-2.17/bin/c++    -v -o CMakeFiles/cmTC_866a1.dir/CMakeCXXCompilerABI.cpp.o -c /cvmfs/nova.opensciencegrid.org/externals/cmake/v3_14_3/Linux64bit+3.10-2.17/share/cmake-3.14/Modules/CMakeCXXCompilerABI.cpp]
  ignore line: [Using built-in specs.]
  ignore line: [COLLECT_GCC=/cvmfs/nova.opensciencegrid.org/externals/gcc/v9_3_0/Linux64bit+3.10-2.17/bin/c++]
  ignore line: [Target: x86_64-pc-linux-gnu]
  ignore line: [Configured with: /scratch/workspace/art-build-base/v11_00_00/SLF7/build/gcc/v9_3_0/src/gcc-9.3.0/configure --prefix=/scratch/workspace/art-build-base/v11_00_00/SLF7/build/gcc/v9_3_0/Linux64bit+3.10-2.17 --disable-libgcj --enable-threads=posix --enable-__cxa_atexit --enable-languages=c,c++,fortran,lto --with-system-zlib --enable-libstdcxx-time=rt --enable-stage1-checking=yes --enable-checking=release --enable-plugin --enable-lto]
  ignore line: [Thread model: posix]
  ignore line: [gcc version 9.3.0 (GCC) ]
  ignore line: [COLLECT_GCC_OPTIONS='-v' '-c' '-o' 'CMakeFiles/cmTC_866a1.dir/CMakeCXXCompilerABI.cpp.o' '-shared-libgcc' '-mtune=generic' '-march=x86-64']
  ignore line: [ /cvmfs/nova.opensciencegrid.org/externals/gcc/v9_3_0/Linux64bit+3.10-2.17/bin/../libexec/gcc/x86_64-pc-linux-gnu/9.3.0/cc1plus -quiet -v -iprefix /cvmfs/nova.opensciencegrid.org/externals/gcc/v9_3_0/Linux64bit+3.10-2.17/bin/../lib/gcc/x86_64-pc-linux-gnu/9.3.0/ -D_GNU_SOURCE /cvmfs/nova.opensciencegrid.org/externals/cmake/v3_14_3/Linux64bit+3.10-2.17/share/cmake-3.14/Modules/CMakeCXXCompilerABI.cpp -quiet -dumpbase CMakeCXXCompilerABI.cpp -mtune=generic -march=x86-64 -auxbase-strip CMakeFiles/cmTC_866a1.dir/CMakeCXXCompilerABI.cpp.o -version -o /tmp/ccZQnKh5.s]
  ignore line: [GNU C++14 (GCC) version 9.3.0 (x86_64-pc-linux-gnu)]
  ignore line: [	compiled by GNU C version 9.3.0, GMP version 6.2.0, MPFR version 4.0.2, MPC version 1.1.0, isl version isl-0.18-GMP]
  ignore line: []
  ignore line: [GGC heuristics: --param ggc-min-expand=100 --param ggc-min-heapsize=131072]
  ignore line: [ignoring nonexistent directory "/cvmfs/nova.opensciencegrid.org/externals/gcc/v9_3_0/Linux64bit+3.10-2.17/bin/../lib/gcc/x86_64-pc-linux-gnu/9.3.0/../../../../x86_64-pc-linux-gnu/include"]
  ignore line: [ignoring duplicate directory "/cvmfs/nova.opensciencegrid.org/externals/gcc/v9_3_0/Linux64bit+3.10-2.17/bin/../lib/gcc/../../lib/gcc/x86_64-pc-linux-gnu/9.3.0/../../../../include/c++/9.3.0"]
  ignore line: [ignoring duplicate directory "/cvmfs/nova.opensciencegrid.org/externals/gcc/v9_3_0/Linux64bit+3.10-2.17/bin/../lib/gcc/../../lib/gcc/x86_64-pc-linux-gnu/9.3.0/../../../../include/c++/9.3.0/x86_64-pc-linux-gnu"]
  ignore line: [ignoring duplicate directory "/cvmfs/nova.opensciencegrid.org/externals/gcc/v9_3_0/Linux64bit+3.10-2.17/bin/../lib/gcc/../../lib/gcc/x86_64-pc-linux-gnu/9.3.0/../../../../include/c++/9.3.0/backward"]
  ignore line: [ignoring duplicate directory "/cvmfs/nova.opensciencegrid.org/externals/gcc/v9_3_0/Linux64bit+3.10-2.17/bin/../lib/gcc/../../lib/gcc/x86_64-pc-linux-gnu/9.3.0/include"]
  ignore line: [ignoring duplicate directory "/cvmfs/nova.opensciencegrid.org/externals/gcc/v9_3_0/Linux64bit+3.10-2.17/bin/../lib/gcc/../../lib/gcc/x86_64-pc-linux-gnu/9.3.0/include-fixed"]
  ignore line: [ignoring nonexistent directory "/cvmfs/nova.opensciencegrid.org/externals/gcc/v9_3_0/Linux64bit+3.10-2.17/bin/../lib/gcc/../../lib/gcc/x86_64-pc-linux-gnu/9.3.0/../../../../x86_64-pc-linux-gnu/include"]
  ignore line: [#include "..." search starts here:]
  ignore line: [#include <...> search starts here:]
  ignore line: [ /cvmfs/nova.opensciencegrid.org/externals/tbb/v2021_1_1/Linux64bit+3.10-2.17-e20/include]
  ignore line: [ /usr/include/gtk-3.0]
  ignore line: [ /cvmfs/nova.opensciencegrid.org/externals/gcc/v9_3_0/Linux64bit+3.10-2.17/bin/../lib/gcc/x86_64-pc-linux-gnu/9.3.0/../../../../include/c++/9.3.0]
  ignore line: [ /cvmfs/nova.opensciencegrid.org/externals/gcc/v9_3_0/Linux64bit+3.10-2.17/bin/../lib/gcc/x86_64-pc-linux-gnu/9.3.0/../../../../include/c++/9.3.0/x86_64-pc-linux-gnu]
  ignore line: [ /cvmfs/nova.opensciencegrid.org/externals/gcc/v9_3_0/Linux64bit+3.10-2.17/bin/../lib/gcc/x86_64-pc-linux-gnu/9.3.0/../../../../include/c++/9.3.0/backward]
  ignore line: [ /cvmfs/nova.opensciencegrid.org/externals/gcc/v9_3_0/Linux64bit+3.10-2.17/bin/../lib/gcc/x86_64-pc-linux-gnu/9.3.0/include]
  ignore line: [ /cvmfs/nova.opensciencegrid.org/externals/gcc/v9_3_0/Linux64bit+3.10-2.17/bin/../lib/gcc/x86_64-pc-linux-gnu/9.3.0/include-fixed]
  ignore line: [ /usr/local/include]
  ignore line: [ /cvmfs/nova.opensciencegrid.org/externals/gcc/v9_3_0/Linux64bit+3.10-2.17/bin/../lib/gcc/../../include]
  ignore line: [ /usr/include]
  ignore line: [End of search list.]
  ignore line: [GNU C++14 (GCC) version 9.3.0 (x86_64-pc-linux-gnu)]
  ignore line: [	compiled by GNU C version 9.3.0, GMP version 6.2.0, MPFR version 4.0.2, MPC version 1.1.0, isl version isl-0.18-GMP]
  ignore line: []
  ignore line: [GGC heuristics: --param ggc-min-expand=100 --param ggc-min-heapsize=131072]
  ignore line: [Compiler executable checksum: dc3b2bd628154baa68a7c9e3106d599e]
  ignore line: [COLLECT_GCC_OPTIONS='-v' '-c' '-o' 'CMakeFiles/cmTC_866a1.dir/CMakeCXXCompilerABI.cpp.o' '-shared-libgcc' '-mtune=generic' '-march=x86-64']
  ignore line: [ as -v --64 -o CMakeFiles/cmTC_866a1.dir/CMakeCXXCompilerABI.cpp.o /tmp/ccZQnKh5.s]
  ignore line: [GNU assembler version 2.27 (x86_64-redhat-linux) using BFD version version 2.27-44.base.el7_9.1]
  ignore line: [COMPILER_PATH=/cvmfs/nova.opensciencegrid.org/externals/gcc/v9_3_0/Linux64bit+3.10-2.17/bin/../libexec/gcc/x86_64-pc-linux-gnu/9.3.0/:/cvmfs/nova.opensciencegrid.org/externals/gcc/v9_3_0/Linux64bit+3.10-2.17/bin/../libexec/gcc/:/cvmfs/nova.opensciencegrid.org/externals/gcc/v9_3_0/Linux64bit+3.10-2.17/bin/]
  ignore line: [LIBRARY_PATH=/cvmfs/nova.opensciencegrid.org/externals/gcc/v9_3_0/Linux64bit+3.10-2.17/bin/../lib/gcc/x86_64-pc-linux-gnu/9.3.0/:/cvmfs/nova.opensciencegrid.org/externals/gcc/v9_3_0/Linux64bit+3.10-2.17/bin/../lib/gcc/:/cvmfs/nova.opensciencegrid.org/externals/gcc/v9_3_0/Linux64bit+3.10-2.17/bin/../lib/gcc/x86_64-pc-linux-gnu/9.3.0/../../../../lib64/:/lib/../lib64/:/usr/lib/../lib64/:/cvmfs/nova.opensciencegrid.org/externals/libwda/v2_30_0a/Linux64bit+3.10-2.17/lib/:/cvmfs/nova.opensciencegrid.org/externals/gcc/v9_3_0/Linux64bit+3.10-2.17/bin/../lib/gcc/x86_64-pc-linux-gnu/9.3.0/../../../:/lib/:/usr/lib/]
  ignore line: [COLLECT_GCC_OPTIONS='-v' '-c' '-o' 'CMakeFiles/cmTC_866a1.dir/CMakeCXXCompilerABI.cpp.o' '-shared-libgcc' '-mtune=generic' '-march=x86-64']
  ignore line: [Linking CXX executable cmTC_866a1]
  ignore line: [/cvmfs/nova.opensciencegrid.org/externals/cmake/v3_14_3/Linux64bit+3.10-2.17/bin/cmake -E cmake_link_script CMakeFiles/cmTC_866a1.dir/link.txt --verbose=1]
  ignore line: [/cvmfs/nova.opensciencegrid.org/externals/ccache/v03.03.03/Linux64bit+3.10-2.17/bin/c++      -v -rdynamic CMakeFiles/cmTC_866a1.dir/CMakeCXXCompilerABI.cpp.o  -o cmTC_866a1 ]
  ignore line: [Using built-in specs.]
  ignore line: [COLLECT_GCC=/cvmfs/nova.opensciencegrid.org/externals/gcc/v9_3_0/Linux64bit+3.10-2.17/bin/c++]
  ignore line: [COLLECT_LTO_WRAPPER=/cvmfs/nova.opensciencegrid.org/externals/gcc/v9_3_0/Linux64bit+3.10-2.17/bin/../libexec/gcc/x86_64-pc-linux-gnu/9.3.0/lto-wrapper]
  ignore line: [Target: x86_64-pc-linux-gnu]
  ignore line: [Configured with: /scratch/workspace/art-build-base/v11_00_00/SLF7/build/gcc/v9_3_0/src/gcc-9.3.0/configure --prefix=/scratch/workspace/art-build-base/v11_00_00/SLF7/build/gcc/v9_3_0/Linux64bit+3.10-2.17 --disable-libgcj --enable-threads=posix --enable-__cxa_atexit --enable-languages=c,c++,fortran,lto --with-system-zlib --enable-libstdcxx-time=rt --enable-stage1-checking=yes --enable-checking=release --enable-plugin --enable-lto]
  ignore line: [Thread model: posix]
  ignore line: [gcc version 9.3.0 (GCC) ]
  ignore line: [COMPILER_PATH=/cvmfs/nova.opensciencegrid.org/externals/gcc/v9_3_0/Linux64bit+3.10-2.17/bin/../libexec/gcc/x86_64-pc-linux-gnu/9.3.0/:/cvmfs/nova.opensciencegrid.org/externals/gcc/v9_3_0/Linux64bit+3.10-2.17/bin/../libexec/gcc/:/cvmfs/nova.opensciencegrid.org/externals/gcc/v9_3_0/Linux64bit+3.10-2.17/bin/]
  ignore line: [LIBRARY_PATH=/cvmfs/nova.opensciencegrid.org/externals/gcc/v9_3_0/Linux64bit+3.10-2.17/bin/../lib/gcc/x86_64-pc-linux-gnu/9.3.0/:/cvmfs/nova.opensciencegrid.org/externals/gcc/v9_3_0/Linux64bit+3.10-2.17/bin/../lib/gcc/:/cvmfs/nova.opensciencegrid.org/externals/gcc/v9_3_0/Linux64bit+3.10-2.17/bin/../lib/gcc/x86_64-pc-linux-gnu/9.3.0/../../../../lib64/:/lib/../lib64/:/usr/lib/../lib64/:/cvmfs/nova.opensciencegrid.org/externals/libwda/v2_30_0a/Linux64bit+3.10-2.17/lib/:/cvmfs/nova.opensciencegrid.org/externals/gcc/v9_3_0/Linux64bit+3.10-2.17/bin/../lib/gcc/x86_64-pc-linux-gnu/9.3.0/../../../:/lib/:/usr/lib/]
  ignore line: [COLLECT_GCC_OPTIONS='-v' '-rdynamic' '-o' 'cmTC_866a1' '-shared-libgcc' '-mtune=generic' '-march=x86-64']
  link line: [ /cvmfs/nova.opensciencegrid.org/externals/gcc/v9_3_0/Linux64bit+3.10-2.17/bin/../libexec/gcc/x86_64-pc-linux-gnu/9.3.0/collect2 -plugin /cvmfs/nova.opensciencegrid.org/externals/gcc/v9_3_0/Linux64bit+3.10-2.17/bin/../libexec/gcc/x86_64-pc-linux-gnu/9.3.0/liblto_plugin.so -plugin-opt=/cvmfs/nova.opensciencegrid.org/externals/gcc/v9_3_0/Linux64bit+3.10-2.17/bin/../libexec/gcc/x86_64-pc-linux-gnu/9.3.0/lto-wrapper -plugin-opt=-fresolution=/tmp/cc2Xgey8.res -plugin-opt=-pass-through=-lgcc_s -plugin-opt=-pass-through=-lgcc -plugin-opt=-pass-through=-lc -plugin-opt=-pass-through=-lgcc_s -plugin-opt=-pass-through=-lgcc --eh-frame-hdr -m elf_x86_64 -export-dynamic -dynamic-linker /lib64/ld-linux-x86-64.so.2 -o cmTC_866a1 /lib/../lib64/crt1.o /lib/../lib64/crti.o /cvmfs/nova.opensciencegrid.org/externals/gcc/v9_3_0/Linux64bit+3.10-2.17/bin/../lib/gcc/x86_64-pc-linux-gnu/9.3.0/crtbegin.o -L/cvmfs/nova.opensciencegrid.org/externals/gcc/v9_3_0/Linux64bit+3.10-2.17/bin/../lib/gcc/x86_64-pc-linux-gnu/9.3.0 -L/cvmfs/nova.opensciencegrid.org/externals/gcc/v9_3_0/Linux64bit+3.10-2.17/bin/../lib/gcc -L/cvmfs/nova.opensciencegrid.org/externals/gcc/v9_3_0/Linux64bit+3.10-2.17/bin/../lib/gcc/x86_64-pc-linux-gnu/9.3.0/../../../../lib64 -L/lib/../lib64 -L/usr/lib/../lib64 -L/cvmfs/nova.opensciencegrid.org/externals/libwda/v2_30_0a/Linux64bit+3.10-2.17/lib -L/cvmfs/nova.opensciencegrid.org/externals/gcc/v9_3_0/Linux64bit+3.10-2.17/bin/../lib/gcc/x86_64-pc-linux-gnu/9.3.0/../../.. CMakeFiles/cmTC_866a1.dir/CMakeCXXCompilerABI.cpp.o -lstdc++ -lm -lgcc_s -lgcc -lc -lgcc_s -lgcc /cvmfs/nova.opensciencegrid.org/externals/gcc/v9_3_0/Linux64bit+3.10-2.17/bin/../lib/gcc/x86_64-pc-linux-gnu/9.3.0/crtend.o /lib/../lib64/crtn.o]
    arg [/cvmfs/nova.opensciencegrid.org/externals/gcc/v9_3_0/Linux64bit+3.10-2.17/bin/../libexec/gcc/x86_64-pc-linux-gnu/9.3.0/collect2] ==> ignore
    arg [-plugin] ==> ignore
    arg [/cvmfs/nova.opensciencegrid.org/externals/gcc/v9_3_0/Linux64bit+3.10-2.17/bin/../libexec/gcc/x86_64-pc-linux-gnu/9.3.0/liblto_plugin.so] ==> ignore
    arg [-plugin-opt=/cvmfs/nova.opensciencegrid.org/externals/gcc/v9_3_0/Linux64bit+3.10-2.17/bin/../libexec/gcc/x86_64-pc-linux-gnu/9.3.0/lto-wrapper] ==> ignore
    arg [-plugin-opt=-fresolution=/tmp/cc2Xgey8.res] ==> ignore
    arg [-plugin-opt=-pass-through=-lgcc_s] ==> ignore
    arg [-plugin-opt=-pass-through=-lgcc] ==> ignore
    arg [-plugin-opt=-pass-through=-lc] ==> ignore
    arg [-plugin-opt=-pass-through=-lgcc_s] ==> ignore
    arg [-plugin-opt=-pass-through=-lgcc] ==> ignore
    arg [--eh-frame-hdr] ==> ignore
    arg [-m] ==> ignore
    arg [elf_x86_64] ==> ignore
    arg [-export-dynamic] ==> ignore
    arg [-dynamic-linker] ==> ignore
    arg [/lib64/ld-linux-x86-64.so.2] ==> ignore
    arg [-o] ==> ignore
    arg [cmTC_866a1] ==> ignore
    arg [/lib/../lib64/crt1.o] ==> ignore
    arg [/lib/../lib64/crti.o] ==> ignore
    arg [/cvmfs/nova.opensciencegrid.org/externals/gcc/v9_3_0/Linux64bit+3.10-2.17/bin/../lib/gcc/x86_64-pc-linux-gnu/9.3.0/crtbegin.o] ==> ignore
    arg [-L/cvmfs/nova.opensciencegrid.org/externals/gcc/v9_3_0/Linux64bit+3.10-2.17/bin/../lib/gcc/x86_64-pc-linux-gnu/9.3.0] ==> dir [/cvmfs/nova.opensciencegrid.org/externals/gcc/v9_3_0/Linux64bit+3.10-2.17/bin/../lib/gcc/x86_64-pc-linux-gnu/9.3.0]
    arg [-L/cvmfs/nova.opensciencegrid.org/externals/gcc/v9_3_0/Linux64bit+3.10-2.17/bin/../lib/gcc] ==> dir [/cvmfs/nova.opensciencegrid.org/externals/gcc/v9_3_0/Linux64bit+3.10-2.17/bin/../lib/gcc]
    arg [-L/cvmfs/nova.opensciencegrid.org/externals/gcc/v9_3_0/Linux64bit+3.10-2.17/bin/../lib/gcc/x86_64-pc-linux-gnu/9.3.0/../../../../lib64] ==> dir [/cvmfs/nova.opensciencegrid.org/externals/gcc/v9_3_0/Linux64bit+3.10-2.17/bin/../lib/gcc/x86_64-pc-linux-gnu/9.3.0/../../../../lib64]
    arg [-L/lib/../lib64] ==> dir [/lib/../lib64]
    arg [-L/usr/lib/../lib64] ==> dir [/usr/lib/../lib64]
    arg [-L/cvmfs/nova.opensciencegrid.org/externals/libwda/v2_30_0a/Linux64bit+3.10-2.17/lib] ==> dir [/cvmfs/nova.opensciencegrid.org/externals/libwda/v2_30_0a/Linux64bit+3.10-2.17/lib]
    arg [-L/cvmfs/nova.opensciencegrid.org/externals/gcc/v9_3_0/Linux64bit+3.10-2.17/bin/../lib/gcc/x86_64-pc-linux-gnu/9.3.0/../../..] ==> dir [/cvmfs/nova.opensciencegrid.org/externals/gcc/v9_3_0/Linux64bit+3.10-2.17/bin/../lib/gcc/x86_64-pc-linux-gnu/9.3.0/../../..]
    arg [CMakeFiles/cmTC_866a1.dir/CMakeCXXCompilerABI.cpp.o] ==> ignore
    arg [-lstdc++] ==> lib [stdc++]
    arg [-lm] ==> lib [m]
    arg [-lgcc_s] ==> lib [gcc_s]
    arg [-lgcc] ==> lib [gcc]
    arg [-lc] ==> lib [c]
    arg [-lgcc_s] ==> lib [gcc_s]
    arg [-lgcc] ==> lib [gcc]
    arg [/cvmfs/nova.opensciencegrid.org/externals/gcc/v9_3_0/Linux64bit+3.10-2.17/bin/../lib/gcc/x86_64-pc-linux-gnu/9.3.0/crtend.o] ==> ignore
    arg [/lib/../lib64/crtn.o] ==> ignore
  collapse library dir [/cvmfs/nova.opensciencegrid.org/externals/gcc/v9_3_0/Linux64bit+3.10-2.17/bin/../lib/gcc/x86_64-pc-linux-gnu/9.3.0] ==> [/cvmfs/nova.opensciencegrid.org/externals/gcc/v9_3_0/Linux64bit+3.10-2.17/lib/gcc/x86_64-pc-linux-gnu/9.3.0]
  collapse library dir [/cvmfs/nova.opensciencegrid.org/externals/gcc/v9_3_0/Linux64bit+3.10-2.17/bin/../lib/gcc] ==> [/cvmfs/nova.opensciencegrid.org/externals/gcc/v9_3_0/Linux64bit+3.10-2.17/lib/gcc]
  collapse library dir [/cvmfs/nova.opensciencegrid.org/externals/gcc/v9_3_0/Linux64bit+3.10-2.17/bin/../lib/gcc/x86_64-pc-linux-gnu/9.3.0/../../../../lib64] ==> [/cvmfs/nova.opensciencegrid.org/externals/gcc/v9_3_0/Linux64bit+3.10-2.17/lib64]
  collapse library dir [/lib/../lib64] ==> [/lib64]
  collapse library dir [/usr/lib/../lib64] ==> [/usr/lib64]
  collapse library dir [/cvmfs/nova.opensciencegrid.org/externals/libwda/v2_30_0a/Linux64bit+3.10-2.17/lib] ==> [/cvmfs/nova.opensciencegrid.org/externals/libwda/v2_30_0a/Linux64bit+3.10-2.17/lib]
  collapse library dir [/cvmfs/nova.opensciencegrid.org/externals/gcc/v9_3_0/Linux64bit+3.10-2.17/bin/../lib/gcc/x86_64-pc-linux-gnu/9.3.0/../../..] ==> [/cvmfs/nova.opensciencegrid.org/externals/gcc/v9_3_0/Linux64bit+3.10-2.17/lib]
  implicit libs: [stdc++;m;gcc_s;gcc;c;gcc_s;gcc]
  implicit dirs: [/cvmfs/nova.opensciencegrid.org/externals/gcc/v9_3_0/Linux64bit+3.10-2.17/lib/gcc/x86_64-pc-linux-gnu/9.3.0;/cvmfs/nova.opensciencegrid.org/externals/gcc/v9_3_0/Linux64bit+3.10-2.17/lib/gcc;/cvmfs/nova.opensciencegrid.org/externals/gcc/v9_3_0/Linux64bit+3.10-2.17/lib64;/lib64;/usr/lib64;/cvmfs/nova.opensciencegrid.org/externals/libwda/v2_30_0a/Linux64bit+3.10-2.17/lib;/cvmfs/nova.opensciencegrid.org/externals/gcc/v9_3_0/Linux64bit+3.10-2.17/lib]
  implicit fwks: []




Detecting CXX [-std=c++2a] compiler features compiled with the following output:
Change Dir: /nova/app/users/bmehta/PPFX_all/bhumi_NA61/working/ppfx/CMakeFiles/CMakeTmp

Run Build Command(s):/usr/bin/gmake cmTC_4832a/fast 
/usr/bin/gmake -f CMakeFiles/cmTC_4832a.dir/build.make CMakeFiles/cmTC_4832a.dir/build
gmake[1]: Entering directory `/nova/app/users/bmehta/PPFX_all/bhumi_NA61/working/ppfx/CMakeFiles/CMakeTmp'
Building CXX object CMakeFiles/cmTC_4832a.dir/feature_tests.cxx.o
/cvmfs/nova.opensciencegrid.org/externals/ccache/v03.03.03/Linux64bit+3.10-2.17/bin/c++    -std=c++2a -o CMakeFiles/cmTC_4832a.dir/feature_tests.cxx.o -c /nova/app/users/bmehta/PPFX_all/bhumi_NA61/working/ppfx/CMakeFiles/feature_tests.cxx
Linking CXX executable cmTC_4832a
/cvmfs/nova.opensciencegrid.org/externals/cmake/v3_14_3/Linux64bit+3.10-2.17/bin/cmake -E cmake_link_script CMakeFiles/cmTC_4832a.dir/link.txt --verbose=1
/cvmfs/nova.opensciencegrid.org/externals/ccache/v03.03.03/Linux64bit+3.10-2.17/bin/c++       -rdynamic CMakeFiles/cmTC_4832a.dir/feature_tests.cxx.o  -o cmTC_4832a 
gmake[1]: Leaving directory `/nova/app/users/bmehta/PPFX_all/bhumi_NA61/working/ppfx/CMakeFiles/CMakeTmp'


    Feature record: CXX_FEATURE:1cxx_aggregate_default_initializers
    Feature record: CXX_FEATURE:1cxx_alias_templates
    Feature record: CXX_FEATURE:1cxx_alignas
    Feature record: CXX_FEATURE:1cxx_alignof
    Feature record: CXX_FEATURE:1cxx_attributes
    Feature record: CXX_FEATURE:1cxx_attribute_deprecated
    Feature record: CXX_FEATURE:1cxx_auto_type
    Feature record: CXX_FEATURE:1cxx_binary_literals
    Feature record: CXX_FEATURE:1cxx_constexpr
    Feature record: CXX_FEATURE:1cxx_contextual_conversions
    Feature record: CXX_FEATURE:1cxx_decltype
    Feature record: CXX_FEATURE:1cxx_decltype_auto
    Feature record: CXX_FEATURE:1cxx_decltype_incomplete_return_types
    Feature record: CXX_FEATURE:1cxx_default_function_template_args
    Feature record: CXX_FEATURE:1cxx_defaulted_functions
    Feature record: CXX_FEATURE:1cxx_defaulted_move_initializers
    Feature record: CXX_FEATURE:1cxx_delegating_constructors
    Feature record: CXX_FEATURE:1cxx_deleted_functions
    Feature record: CXX_FEATURE:1cxx_digit_separators
    Feature record: CXX_FEATURE:1cxx_enum_forward_declarations
    Feature record: CXX_FEATURE:1cxx_explicit_conversions
    Feature record: CXX_FEATURE:1cxx_extended_friend_declarations
    Feature record: CXX_FEATURE:1cxx_extern_templates
    Feature record: CXX_FEATURE:1cxx_final
    Feature record: CXX_FEATURE:1cxx_func_identifier
    Feature record: CXX_FEATURE:1cxx_generalized_initializers
    Feature record: CXX_FEATURE:1cxx_generic_lambdas
    Feature record: CXX_FEATURE:1cxx_inheriting_constructors
    Feature record: CXX_FEATURE:1cxx_inline_namespaces
    Feature record: CXX_FEATURE:1cxx_lambdas
    Feature record: CXX_FEATURE:1cxx_lambda_init_captures
    Feature record: CXX_FEATURE:1cxx_local_type_template_args
    Feature record: CXX_FEATURE:1cxx_long_long_type
    Feature record: CXX_FEATURE:1cxx_noexcept
    Feature record: CXX_FEATURE:1cxx_nonstatic_member_init
    Feature record: CXX_FEATURE:1cxx_nullptr
    Feature record: CXX_FEATURE:1cxx_override
    Feature record: CXX_FEATURE:1cxx_range_for
    Feature record: CXX_FEATURE:1cxx_raw_string_literals
    Feature record: CXX_FEATURE:1cxx_reference_qualified_functions
    Feature record: CXX_FEATURE:1cxx_relaxed_constexpr
    Feature record: CXX_FEATURE:1cxx_return_type_deduction
    Feature record: CXX_FEATURE:1cxx_right_angle_brackets
    Feature record: CXX_FEATURE:1cxx_rvalue_references
    Feature record: CXX_FEATURE:1cxx_sizeof_member
    Feature record: CXX_FEATURE:1cxx_static_assert
    Feature record: CXX_FEATURE:1cxx_strong_enums
    Feature record: CXX_FEATURE:1cxx_template_template_parameters
    Feature record: CXX_FEATURE:1cxx_thread_local
    Feature record: CXX_FEATURE:1cxx_trailing_return_types
    Feature record: CXX_FEATURE:1cxx_unicode_literals
    Feature record: CXX_FEATURE:1cxx_uniform_initialization
    Feature record: CXX_FEATURE:1cxx_unrestricted_unions
    Feature record: CXX_FEATURE:1cxx_user_literals
    Feature record: CXX_FEATURE:1cxx_variable_templates
    Feature record: CXX_FEATURE:1cxx_variadic_macros
    Feature record: CXX_FEATURE:1cxx_variadic_templates


Detecting CXX [-std=c++17] compiler features compiled with the following output:
Change Dir: /nova/app/users/bmehta/PPFX_all/bhumi_NA61/working/ppfx/CMakeFiles/CMakeTmp

Run Build Command(s):/usr/bin/gmake cmTC_e312b/fast 
/usr/bin/gmake -f CMakeFiles/cmTC_e312b.dir/build.make CMakeFiles/cmTC_e312b.dir/build
gmake[1]: Entering directory `/nova/app/users/bmehta/PPFX_all/bhumi_NA61/working/ppfx/CMakeFiles/CMakeTmp'
Building CXX object CMakeFiles/cmTC_e312b.dir/feature_tests.cxx.o
/cvmfs/nova.opensciencegrid.org/externals/ccache/v03.03.03/Linux64bit+3.10-2.17/bin/c++    -std=c++17 -o CMakeFiles/cmTC_e312b.dir/feature_tests.cxx.o -c /nova/app/users/bmehta/PPFX_all/bhumi_NA61/working/ppfx/CMakeFiles/feature_tests.cxx
Linking CXX executable cmTC_e312b
/cvmfs/nova.opensciencegrid.org/externals/cmake/v3_14_3/Linux64bit+3.10-2.17/bin/cmake -E cmake_link_script CMakeFiles/cmTC_e312b.dir/link.txt --verbose=1
/cvmfs/nova.opensciencegrid.org/externals/ccache/v03.03.03/Linux64bit+3.10-2.17/bin/c++       -rdynamic CMakeFiles/cmTC_e312b.dir/feature_tests.cxx.o  -o cmTC_e312b 
gmake[1]: Leaving directory `/nova/app/users/bmehta/PPFX_all/bhumi_NA61/working/ppfx/CMakeFiles/CMakeTmp'


    Feature record: CXX_FEATURE:1cxx_aggregate_default_initializers
    Feature record: CXX_FEATURE:1cxx_alias_templates
    Feature record: CXX_FEATURE:1cxx_alignas
    Feature record: CXX_FEATURE:1cxx_alignof
    Feature record: CXX_FEATURE:1cxx_attributes
    Feature record: CXX_FEATURE:1cxx_attribute_deprecated
    Feature record: CXX_FEATURE:1cxx_auto_type
    Feature record: CXX_FEATURE:1cxx_binary_literals
    Feature record: CXX_FEATURE:1cxx_constexpr
    Feature record: CXX_FEATURE:1cxx_contextual_conversions
    Feature record: CXX_FEATURE:1cxx_decltype
    Feature record: CXX_FEATURE:1cxx_decltype_auto
    Feature record: CXX_FEATURE:1cxx_decltype_incomplete_return_types
    Feature record: CXX_FEATURE:1cxx_default_function_template_args
    Feature record: CXX_FEATURE:1cxx_defaulted_functions
    Feature record: CXX_FEATURE:1cxx_defaulted_move_initializers
    Feature record: CXX_FEATURE:1cxx_delegating_constructors
    Feature record: CXX_FEATURE:1cxx_deleted_functions
    Feature record: CXX_FEATURE:1cxx_digit_separators
    Feature record: CXX_FEATURE:1cxx_enum_forward_declarations
    Feature record: CXX_FEATURE:1cxx_explicit_conversions
    Feature record: CXX_FEATURE:1cxx_extended_friend_declarations
    Feature record: CXX_FEATURE:1cxx_extern_templates
    Feature record: CXX_FEATURE:1cxx_final
    Feature record: CXX_FEATURE:1cxx_func_identifier
    Feature record: CXX_FEATURE:1cxx_generalized_initializers
    Feature record: CXX_FEATURE:1cxx_generic_lambdas
    Feature record: CXX_FEATURE:1cxx_inheriting_constructors
    Feature record: CXX_FEATURE:1cxx_inline_namespaces
    Feature record: CXX_FEATURE:1cxx_lambdas
    Feature record: CXX_FEATURE:1cxx_lambda_init_captures
    Feature record: CXX_FEATURE:1cxx_local_type_template_args
    Feature record: CXX_FEATURE:1cxx_long_long_type
    Feature record: CXX_FEATURE:1cxx_noexcept
    Feature record: CXX_FEATURE:1cxx_nonstatic_member_init
    Feature record: CXX_FEATURE:1cxx_nullptr
    Feature record: CXX_FEATURE:1cxx_override
    Feature record: CXX_FEATURE:1cxx_range_for
    Feature record: CXX_FEATURE:1cxx_raw_string_literals
    Feature record: CXX_FEATURE:1cxx_reference_qualified_functions
    Feature record: CXX_FEATURE:1cxx_relaxed_constexpr
    Feature record: CXX_FEATURE:1cxx_return_type_deduction
    Feature record: CXX_FEATURE:1cxx_right_angle_brackets
    Feature record: CXX_FEATURE:1cxx_rvalue_references
    Feature record: CXX_FEATURE:1cxx_sizeof_member
    Feature record: CXX_FEATURE:1cxx_static_assert
    Feature record: CXX_FEATURE:1cxx_strong_enums
    Feature record: CXX_FEATURE:1cxx_template_template_parameters
    Feature record: CXX_FEATURE:1cxx_thread_local
    Feature record: CXX_FEATURE:1cxx_trailing_return_types
    Feature record: CXX_FEATURE:1cxx_unicode_literals
    Feature record: CXX_FEATURE:1cxx_uniform_initialization
    Feature record: CXX_FEATURE:1cxx_unrestricted_unions
    Feature record: CXX_FEATURE:1cxx_user_literals
    Feature record: CXX_FEATURE:1cxx_variable_templates
    Feature record: CXX_FEATURE:1cxx_variadic_macros
    Feature record: CXX_FEATURE:1cxx_variadic_templates


Detecting CXX [-std=c++14] compiler features compiled with the following output:
Change Dir: /nova/app/users/bmehta/PPFX_all/bhumi_NA61/working/ppfx/CMakeFiles/CMakeTmp

Run Build Command(s):/usr/bin/gmake cmTC_42ad5/fast 
/usr/bin/gmake -f CMakeFiles/cmTC_42ad5.dir/build.make CMakeFiles/cmTC_42ad5.dir/build
gmake[1]: Entering directory `/nova/app/users/bmehta/PPFX_all/bhumi_NA61/working/ppfx/CMakeFiles/CMakeTmp'
Building CXX object CMakeFiles/cmTC_42ad5.dir/feature_tests.cxx.o
/cvmfs/nova.opensciencegrid.org/externals/ccache/v03.03.03/Linux64bit+3.10-2.17/bin/c++    -std=c++14 -o CMakeFiles/cmTC_42ad5.dir/feature_tests.cxx.o -c /nova/app/users/bmehta/PPFX_all/bhumi_NA61/working/ppfx/CMakeFiles/feature_tests.cxx
Linking CXX executable cmTC_42ad5
/cvmfs/nova.opensciencegrid.org/externals/cmake/v3_14_3/Linux64bit+3.10-2.17/bin/cmake -E cmake_link_script CMakeFiles/cmTC_42ad5.dir/link.txt --verbose=1
/cvmfs/nova.opensciencegrid.org/externals/ccache/v03.03.03/Linux64bit+3.10-2.17/bin/c++       -rdynamic CMakeFiles/cmTC_42ad5.dir/feature_tests.cxx.o  -o cmTC_42ad5 
gmake[1]: Leaving directory `/nova/app/users/bmehta/PPFX_all/bhumi_NA61/working/ppfx/CMakeFiles/CMakeTmp'


    Feature record: CXX_FEATURE:1cxx_aggregate_default_initializers
    Feature record: CXX_FEATURE:1cxx_alias_templates
    Feature record: CXX_FEATURE:1cxx_alignas
    Feature record: CXX_FEATURE:1cxx_alignof
    Feature record: CXX_FEATURE:1cxx_attributes
    Feature record: CXX_FEATURE:1cxx_attribute_deprecated
    Feature record: CXX_FEATURE:1cxx_auto_type
    Feature record: CXX_FEATURE:1cxx_binary_literals
    Feature record: CXX_FEATURE:1cxx_constexpr
    Feature record: CXX_FEATURE:1cxx_contextual_conversions
    Feature record: CXX_FEATURE:1cxx_decltype
    Feature record: CXX_FEATURE:1cxx_decltype_auto
    Feature record: CXX_FEATURE:1cxx_decltype_incomplete_return_types
    Feature record: CXX_FEATURE:1cxx_default_function_template_args
    Feature record: CXX_FEATURE:1cxx_defaulted_functions
    Feature record: CXX_FEATURE:1cxx_defaulted_move_initializers
    Feature record: CXX_FEATURE:1cxx_delegating_constructors
    Feature record: CXX_FEATURE:1cxx_deleted_functions
    Feature record: CXX_FEATURE:1cxx_digit_separators
    Feature record: CXX_FEATURE:1cxx_enum_forward_declarations
    Feature record: CXX_FEATURE:1cxx_explicit_conversions
    Feature record: CXX_FEATURE:1cxx_extended_friend_declarations
    Feature record: CXX_FEATURE:1cxx_extern_templates
    Feature record: CXX_FEATURE:1cxx_final
    Feature record: CXX_FEATURE:1cxx_func_identifier
    Feature record: CXX_FEATURE:1cxx_generalized_initializers
    Feature record: CXX_FEATURE:1cxx_generic_lambdas
    Feature record: CXX_FEATURE:1cxx_inheriting_constructors
    Feature record: CXX_FEATURE:1cxx_inline_namespaces
    Feature record: CXX_FEATURE:1cxx_lambdas
    Feature record: CXX_FEATURE:1cxx_lambda_init_captures
    Feature record: CXX_FEATURE:1cxx_local_type_template_args
    Feature record: CXX_FEATURE:1cxx_long_long_type
    Feature record: CXX_FEATURE:1cxx_noexcept
    Feature record: CXX_FEATURE:1cxx_nonstatic_member_init
    Feature record: CXX_FEATURE:1cxx_nullptr
    Feature record: CXX_FEATURE:1cxx_override
    Feature record: CXX_FEATURE:1cxx_range_for
    Feature record: CXX_FEATURE:1cxx_raw_string_literals
    Feature record: CXX_FEATURE:1cxx_reference_qualified_functions
    Feature record: CXX_FEATURE:1cxx_relaxed_constexpr
    Feature record: CXX_FEATURE:1cxx_return_type_deduction
    Feature record: CXX_FEATURE:1cxx_right_angle_brackets
    Feature record: CXX_FEATURE:1cxx_rvalue_references
    Feature record: CXX_FEATURE:1cxx_sizeof_member
    Feature record: CXX_FEATURE:1cxx_static_assert
    Feature record: CXX_FEATURE:1cxx_strong_enums
    Feature record: CXX_FEATURE:1cxx_template_template_parameters
    Feature record: CXX_FEATURE:1cxx_thread_local
    Feature record: CXX_FEATURE:1cxx_trailing_return_types
    Feature record: CXX_FEATURE:1cxx_unicode_literals
    Feature record: CXX_FEATURE:1cxx_uniform_initialization
    Feature record: CXX_FEATURE:1cxx_unrestricted_unions
    Feature record: CXX_FEATURE:1cxx_user_literals
    Feature record: CXX_FEATURE:1cxx_variable_templates
    Feature record: CXX_FEATURE:1cxx_variadic_macros
    Feature record: CXX_FEATURE:1cxx_variadic_templates


Detecting CXX [-std=c++11] compiler features compiled with the following output:
Change Dir: /nova/app/users/bmehta/PPFX_all/bhumi_NA61/working/ppfx/CMakeFiles/CMakeTmp

Run Build Command(s):/usr/bin/gmake cmTC_d929d/fast 
/usr/bin/gmake -f CMakeFiles/cmTC_d929d.dir/build.make CMakeFiles/cmTC_d929d.dir/build
gmake[1]: Entering directory `/nova/app/users/bmehta/PPFX_all/bhumi_NA61/working/ppfx/CMakeFiles/CMakeTmp'
Building CXX object CMakeFiles/cmTC_d929d.dir/feature_tests.cxx.o
/cvmfs/nova.opensciencegrid.org/externals/ccache/v03.03.03/Linux64bit+3.10-2.17/bin/c++    -std=c++11 -o CMakeFiles/cmTC_d929d.dir/feature_tests.cxx.o -c /nova/app/users/bmehta/PPFX_all/bhumi_NA61/working/ppfx/CMakeFiles/feature_tests.cxx
Linking CXX executable cmTC_d929d
/cvmfs/nova.opensciencegrid.org/externals/cmake/v3_14_3/Linux64bit+3.10-2.17/bin/cmake -E cmake_link_script CMakeFiles/cmTC_d929d.dir/link.txt --verbose=1
/cvmfs/nova.opensciencegrid.org/externals/ccache/v03.03.03/Linux64bit+3.10-2.17/bin/c++       -rdynamic CMakeFiles/cmTC_d929d.dir/feature_tests.cxx.o  -o cmTC_d929d 
gmake[1]: Leaving directory `/nova/app/users/bmehta/PPFX_all/bhumi_NA61/working/ppfx/CMakeFiles/CMakeTmp'


    Feature record: CXX_FEATURE:0cxx_aggregate_default_initializers
    Feature record: CXX_FEATURE:1cxx_alias_templates
    Feature record: CXX_FEATURE:1cxx_alignas
    Feature record: CXX_FEATURE:1cxx_alignof
    Feature record: CXX_FEATURE:1cxx_attributes
    Feature record: CXX_FEATURE:0cxx_attribute_deprecated
    Feature record: CXX_FEATURE:1cxx_auto_type
    Feature record: CXX_FEATURE:0cxx_binary_literals
    Feature record: CXX_FEATURE:1cxx_constexpr
    Feature record: CXX_FEATURE:0cxx_contextual_conversions
    Feature record: CXX_FEATURE:1cxx_decltype
    Feature record: CXX_FEATURE:0cxx_decltype_auto
    Feature record: CXX_FEATURE:1cxx_decltype_incomplete_return_types
    Feature record: CXX_FEATURE:1cxx_default_function_template_args
    Feature record: CXX_FEATURE:1cxx_defaulted_functions
    Feature record: CXX_FEATURE:1cxx_defaulted_move_initializers
    Feature record: CXX_FEATURE:1cxx_delegating_constructors
    Feature record: CXX_FEATURE:1cxx_deleted_functions
    Feature record: CXX_FEATURE:0cxx_digit_separators
    Feature record: CXX_FEATURE:1cxx_enum_forward_declarations
    Feature record: CXX_FEATURE:1cxx_explicit_conversions
    Feature record: CXX_FEATURE:1cxx_extended_friend_declarations
    Feature record: CXX_FEATURE:1cxx_extern_templates
    Feature record: CXX_FEATURE:1cxx_final
    Feature record: CXX_FEATURE:1cxx_func_identifier
    Feature record: CXX_FEATURE:1cxx_generalized_initializers
    Feature record: CXX_FEATURE:0cxx_generic_lambdas
    Feature record: CXX_FEATURE:1cxx_inheriting_constructors
    Feature record: CXX_FEATURE:1cxx_inline_namespaces
    Feature record: CXX_FEATURE:1cxx_lambdas
    Feature record: CXX_FEATURE:0cxx_lambda_init_captures
    Feature record: CXX_FEATURE:1cxx_local_type_template_args
    Feature record: CXX_FEATURE:1cxx_long_long_type
    Feature record: CXX_FEATURE:1cxx_noexcept
    Feature record: CXX_FEATURE:1cxx_nonstatic_member_init
    Feature record: CXX_FEATURE:1cxx_nullptr
    Feature record: CXX_FEATURE:1cxx_override
    Feature record: CXX_FEATURE:1cxx_range_for
    Feature record: CXX_FEATURE:1cxx_raw_string_literals
    Feature record: CXX_FEATURE:1cxx_reference_qualified_functions
    Feature record: CXX_FEATURE:0cxx_relaxed_constexpr
    Feature record: CXX_FEATURE:0cxx_return_type_deduction
    Feature record: CXX_FEATURE:1cxx_right_angle_brackets
    Feature record: CXX_FEATURE:1cxx_rvalue_references
    Feature record: CXX_FEATURE:1cxx_sizeof_member
    Feature record: CXX_FEATURE:1cxx_static_assert
    Feature record: CXX_FEATURE:1cxx_strong_enums
    Feature record: CXX_FEATURE:1cxx_template_template_parameters
    Feature record: CXX_FEATURE:1cxx_thread_local
    Feature record: CXX_FEATURE:1cxx_trailing_return_types
    Feature record: CXX_FEATURE:1cxx_unicode_literals
    Feature record: CXX_FEATURE:1cxx_uniform_initialization
    Feature record: CXX_FEATURE:1cxx_unrestricted_unions
    Feature record: CXX_FEATURE:1cxx_user_literals
    Feature record: CXX_FEATURE:0cxx_variable_templates
    Feature record: CXX_FEATURE:1cxx_variadic_macros
    Feature record: CXX_FEATURE:1cxx_variadic_templates


Detecting CXX [-std=c++98] compiler features compiled with the following output:
Change Dir: /nova/app/users/bmehta/PPFX_all/bhumi_NA61/working/ppfx/CMakeFiles/CMakeTmp

Run Build Command(s):/usr/bin/gmake cmTC_cdf73/fast 
/usr/bin/gmake -f CMakeFiles/cmTC_cdf73.dir/build.make CMakeFiles/cmTC_cdf73.dir/build
gmake[1]: Entering directory `/nova/app/users/bmehta/PPFX_all/bhumi_NA61/working/ppfx/CMakeFiles/CMakeTmp'
Building CXX object CMakeFiles/cmTC_cdf73.dir/feature_tests.cxx.o
/cvmfs/nova.opensciencegrid.org/externals/ccache/v03.03.03/Linux64bit+3.10-2.17/bin/c++    -std=c++98 -o CMakeFiles/cmTC_cdf73.dir/feature_tests.cxx.o -c /nova/app/users/bmehta/PPFX_all/bhumi_NA61/working/ppfx/CMakeFiles/feature_tests.cxx
Linking CXX executable cmTC_cdf73
/cvmfs/nova.opensciencegrid.org/externals/cmake/v3_14_3/Linux64bit+3.10-2.17/bin/cmake -E cmake_link_script CMakeFiles/cmTC_cdf73.dir/link.txt --verbose=1
/cvmfs/nova.opensciencegrid.org/externals/ccache/v03.03.03/Linux64bit+3.10-2.17/bin/c++       -rdynamic CMakeFiles/cmTC_cdf73.dir/feature_tests.cxx.o  -o cmTC_cdf73 
gmake[1]: Leaving directory `/nova/app/users/bmehta/PPFX_all/bhumi_NA61/working/ppfx/CMakeFiles/CMakeTmp'


    Feature record: CXX_FEATURE:0cxx_aggregate_default_initializers
    Feature record: CXX_FEATURE:0cxx_alias_templates
    Feature record: CXX_FEATURE:0cxx_alignas
    Feature record: CXX_FEATURE:0cxx_alignof
    Feature record: CXX_FEATURE:0cxx_attributes
    Feature record: CXX_FEATURE:0cxx_attribute_deprecated
    Feature record: CXX_FEATURE:0cxx_auto_type
    Feature record: CXX_FEATURE:0cxx_binary_literals
    Feature record: CXX_FEATURE:0cxx_constexpr
    Feature record: CXX_FEATURE:0cxx_contextual_conversions
    Feature record: CXX_FEATURE:0cxx_decltype
    Feature record: CXX_FEATURE:0cxx_decltype_auto
    Feature record: CXX_FEATURE:0cxx_decltype_incomplete_return_types
    Feature record: CXX_FEATURE:0cxx_default_function_template_args
    Feature record: CXX_FEATURE:0cxx_defaulted_functions
    Feature record: CXX_FEATURE:0cxx_defaulted_move_initializers
    Feature record: CXX_FEATURE:0cxx_delegating_constructors
    Feature record: CXX_FEATURE:0cxx_deleted_functions
    Feature record: CXX_FEATURE:0cxx_digit_separators
    Feature record: CXX_FEATURE:0cxx_enum_forward_declarations
    Feature record: CXX_FEATURE:0cxx_explicit_conversions
    Feature record: CXX_FEATURE:0cxx_extended_friend_declarations
    Feature record: CXX_FEATURE:0cxx_extern_templates
    Feature record: CXX_FEATURE:0cxx_final
    Feature record: CXX_FEATURE:0cxx_func_identifier
    Feature record: CXX_FEATURE:0cxx_generalized_initializers
    Feature record: CXX_FEATURE:0cxx_generic_lambdas
    Feature record: CXX_FEATURE:0cxx_inheriting_constructors
    Feature record: CXX_FEATURE:0cxx_inline_namespaces
    Feature record: CXX_FEATURE:0cxx_lambdas
    Feature record: CXX_FEATURE:0cxx_lambda_init_captures
    Feature record: CXX_FEATURE:0cxx_local_type_template_args
    Feature record: CXX_FEATURE:0cxx_long_long_type
    Feature record: CXX_FEATURE:0cxx_noexcept
    Feature record: CXX_FEATURE:0cxx_nonstatic_member_init
    Feature record: CXX_FEATURE:0cxx_nullptr
    Feature record: CXX_FEATURE:0cxx_override
    Feature record: CXX_FEATURE:0cxx_range_for
    Feature record: CXX_FEATURE:0cxx_raw_string_literals
    Feature record: CXX_FEATURE:0cxx_reference_qualified_functions
    Feature record: CXX_FEATURE:0cxx_relaxed_constexpr
    Feature record: CXX_FEATURE:0cxx_return_type_deduction
    Feature record: CXX_FEATURE:0cxx_right_angle_brackets
    Feature record: CXX_FEATURE:0cxx_rvalue_references
    Feature record: CXX_FEATURE:0cxx_sizeof_member
    Feature record: CXX_FEATURE:0cxx_static_assert
    Feature record: CXX_FEATURE:0cxx_strong_enums
    Feature record: CXX_FEATURE:1cxx_template_template_parameters
    Feature record: CXX_FEATURE:0cxx_thread_local
    Feature record: CXX_FEATURE:0cxx_trailing_return_types
    Feature record: CXX_FEATURE:0cxx_unicode_literals
    Feature record: CXX_FEATURE:0cxx_uniform_initialization
    Feature record: CXX_FEATURE:0cxx_unrestricted_unions
    Feature record: CXX_FEATURE:0cxx_user_literals
    Feature record: CXX_FEATURE:0cxx_variable_templates
    Feature record: CXX_FEATURE:0cxx_variadic_macros
    Feature record: CXX_FEATURE:0cxx_variadic_templates
